Removed Pin From Net: NetName=+27V2 Pin=C5-1
Removed Pin From Net: NetName=+27V2 Pin=C6-2
Removed Pin From Net: NetName=+27V2 Pin=FU3-1
Removed Pin From Net: NetName=+27V2 Pin=FU4-1
Removed Pin From Net: NetName=+27V2 Pin=U2-2
Removed Pin From Net: NetName=+27V2 Pin=X1-17
Removed Pin From Net: NetName=+27V2 Pin=X1-18
Removed Pin From Net: NetName=+27V2 Pin=X1-19
Removed Pin From Net: NetName=+27V2 Pin=X1-20
Change Net Name : Old Net Name=+27V2 New Net Name=-27V1
Added Pin To Net: NetName=+27V2 Pin=FU3-1
Added Pin To Net: NetName=+27V2 Pin=FU4-1
Added Pin To Net: NetName=+27V2 Pin=X1-17
Added Pin To Net: NetName=+27V2 Pin=X1-18
Added Net: Name=+27V2
Added Pin To Net: NetName=-27V2 Pin=C5-1
Added Pin To Net: NetName=-27V2 Pin=C6-2
Added Pin To Net: NetName=-27V2 Pin=U2-2
Added Pin To Net: NetName=-27V2 Pin=X1-19
Added Pin To Net: NetName=-27V2 Pin=X1-20
Added Net: Name=-27V2
Added Member To Class: ClassName=+27V[1..2] Member=Element[1]: +27V
Added Member To Class: ClassName=-27V[1..2] Member=Element[0]: -27V
Added Member To Class: ClassName=-27V[1..2] Member=Element[1]: -27V
Added Room: Name=dv_power
