Removed Pin From Net: NetName=NetFU3_1 Pin=FU4-1
Removed Pin From Net: NetName=NetFU3_2 Pin=FU4-2
Removed Pin From Net: NetName=pwr_m-1 Pin=R6-2
Removed Pin From Net: NetName=NetR7_2 Pin=R7-2
Removed Pin From Net: NetName=pwr_m-2 Pin=R13-2
Removed Pin From Net: NetName=NetR14_2 Pin=R14-2
Removed Pin From Net: NetName=GND Pin=X1-11
Removed Pin From Net: NetName=GND Pin=X1-12
Removed Pin From Net: NetName=GND Pin=X2-7
Removed Pin From Net: NetName=GND_main_ch Pin=X2-20
Removed Member From Class: ClassName=reserve_ch Member=FU4
Change component parameters: Designator = "FU1" ("FU1"); Footprint = "VP1-2"; UniqueID = "\OUJWWDCM\ZDSFQWUF" ("\OUJWWDCM\ZDSFQWUF")
Change component parameters (AddParameter): Name = "ComponentLink1Description"; Value = "DataSheet"; VariantName = "[No Variations]"
Change component parameters (AddParameter): Name = "ComponentLink1URL"; Value = "https://docviewer.yandex.ru/view/20572601/?page=1&*=oYyHA%2BCwzeyRvrmOJV6%2ByaBlbHJ7InVybCI6Imh0dHBzOi8vZWwtcmEucnUvdXBsb2FkL2libG9jay8wMTYvdnN0YXZrYS1wbGF2a2EtdnAxXzItX2VsZWt0cm9uaWthX3JhXy5wZGYiLCJ0aXRsZSI6InZzdGF2a2EtcGxhdmthLXZwMV8yLV9lbGVrdHJvbmlrYV9yYV8ucGRmIiwibm9pZnJhbWUiOnRydWUsInVpZCI6IjIwNTcyNjAxIiwidHMiOjE1OTI0NzI0NTM1MTUsInl1IjoiODg5MDYxMzMxNTQzMzg3MTIxIiwic2VycFBhcmFtcyI6Imxhbmc9cnUmdG09MTU5MjQ3MjQyOCZ0bGQ9cnUmbmFtZT12c3RhdmthLXBsYXZrYS12cDFfMi1fZWxla3Ryb25pa2FfcmFfLnBkZiZ0ZXh0PSVEMCVCMiVEMCVCRjEtMiZ1cmw9aHR0cHMlM0EvL2VsLXJhLnJ1L3VwbG9hZC9pYmxvY2svMDE2L3ZzdGF2a2EtcGxhdmthLXZwMV8yLV9lbGVrdHJvbmlrYV9yYV8ucGRmJmxyPTY1Jm1pbWU9cGRmJmwxMG49cnUmc2lnbj0yZWMwNDRiZDQyMGRlMjRmMjI1MThkNTc4YjZlMTlkYiZrZXlubz0wIn0%3D&lang=ru"; VariantName = "[No Variations]"
Change component parameters (AddParameter): Name = "Value"; Value = "0.25A"; VariantName = "[No Variations]"
Change component parameters (AddParameter): Name = "Назначение"; Value = "Предохранитель плавкий"; VariantName = "[No Variations]"
Change component parameters (AddParameter): Name = "Наименование"; Value = "ВП1-2 "ВП""; VariantName = "[No Variations]"
Added Component: Designator=R8_main_ch(SMD_0805)
Add component (AddParameter): Name = "Value"; Value = "0"; VariantName = "[No Variations]"
Add component (AddParameter): Name = "Назначение"; Value = "SMD-резистор"; VariantName = "[No Variations]"
Add component (AddParameter): Name = "Наименование"; Value = "Резистор"; VariantName = "[No Variations]"
Add component (AddParameter): Name = "Потребление, Вт"; Value = "0,001"; VariantName = "[No Variations]"
Added Component: Designator=R8_reserve_ch(SMD_0805)
Add component (AddParameter): Name = "Value"; Value = "0"; VariantName = "[No Variations]"
Add component (AddParameter): Name = "Назначение"; Value = "SMD-резистор"; VariantName = "[No Variations]"
Add component (AddParameter): Name = "Наименование"; Value = "Резистор"; VariantName = "[No Variations]"
Add component (AddParameter): Name = "Потребление, Вт"; Value = "0,001"; VariantName = "[No Variations]"
Added Component: Designator=VD1_main_ch(4116.4-3_offcut)
Add component (AddParameter): Name = "ComponentLink1Description"; Value = "DataSheet"; VariantName = "[No Variations]"
Add component (AddParameter): Name = "ComponentLink1URL"; Value = "https://eandc.ru/pdf/diod/2d222.pdf"; VariantName = "[No Variations]"
Add component (AddParameter): Name = "Назначение"; Value = "Сдвоенный диод"; VariantName = "[No Variations]"
Add component (AddParameter): Name = "Наименование"; Value = "2Д222ВС ОСМ"; VariantName = "[No Variations]"
Add component (AddParameter): Name = "Потребление, Вт"; Value = "0,004"; VariantName = "[No Variations]"
Added Component: Designator=VD1_reserve_ch(4116.4-3_offcut)
Add component (AddParameter): Name = "ComponentLink1Description"; Value = "DataSheet"; VariantName = "[No Variations]"
Add component (AddParameter): Name = "ComponentLink1URL"; Value = "https://eandc.ru/pdf/diod/2d222.pdf"; VariantName = "[No Variations]"
Add component (AddParameter): Name = "Назначение"; Value = "Сдвоенный диод"; VariantName = "[No Variations]"
Add component (AddParameter): Name = "Наименование"; Value = "2Д222ВС ОСМ"; VariantName = "[No Variations]"
Add component (AddParameter): Name = "Потребление, Вт"; Value = "0,004"; VariantName = "[No Variations]"
Added Pin To Net: NetName=GND_main_ch Pin=C1-1
Added Pin To Net: NetName=GND_main_ch Pin=C2-2
Added Pin To Net: NetName=GND_main_ch Pin=C3-1
Added Pin To Net: NetName=GND_main_ch Pin=C4-2
Added Pin To Net: NetName=GND_main_ch Pin=C5-1
Added Pin To Net: NetName=GND_reserve_ch Pin=C6-1
Added Pin To Net: NetName=GND_reserve_ch Pin=C7-2
Added Pin To Net: NetName=GND_reserve_ch Pin=C8-1
Added Pin To Net: NetName=GND_reserve_ch Pin=C9-2
Added Pin To Net: NetName=GND_reserve_ch Pin=C10-1
Added Pin To Net: NetName=GND_main_ch Pin=R3-1
Added Pin To Net: NetName=GND_main_ch Pin=R5-1
Added Pin To Net: NetName=NetR14_2 Pin=R6-2
Added Pin To Net: NetName=pwr_m-1 Pin=R7-2
Added Pin To Net: NetName=NetR7_1 Pin=R8_main_ch-1
Added Pin To Net: NetName=NetC5_2 Pin=R8_main_ch-2
Added Pin To Net: NetName=NetR14_1 Pin=R8_reserve_ch-1
Added Pin To Net: NetName=NetC10_2 Pin=R8_reserve_ch-2
Added Pin To Net: NetName=GND_reserve_ch Pin=R10-1
Added Pin To Net: NetName=GND_reserve_ch Pin=R12-1
Added Pin To Net: NetName=NetR7_2 Pin=R13-2
Added Pin To Net: NetName=pwr_m-2 Pin=R14-2
Added Pin To Net: NetName=GND_main_ch Pin=U1-2
Added Pin To Net: NetName=GND_main_ch Pin=U1-4
Added Pin To Net: NetName=GND_main_ch Pin=U1-5
Added Pin To Net: NetName=GND_main_ch Pin=U2-3
Added Pin To Net: NetName=GND_main_ch Pin=U2-3
Added Pin To Net: NetName=GND_reserve_ch Pin=U4-2
Added Pin To Net: NetName=GND_reserve_ch Pin=U4-4
Added Pin To Net: NetName=GND_reserve_ch Pin=U4-5
Added Pin To Net: NetName=GND_reserve_ch Pin=U5-3
Added Pin To Net: NetName=GND_reserve_ch Pin=U5-3
Added Pin To Net: NetName=NetFU1_1 Pin=VD1_main_ch-8
Added Pin To Net: NetName=GND_main_ch Pin=VD1_main_ch-11
Added Pin To Net: NetName=GND Pin=VD1_main_ch-11
Added Pin To Net: NetName=GND_main_ch Pin=VD1_main_ch-17
Added Pin To Net: NetName=GND Pin=VD1_main_ch-17
Added Pin To Net: NetName=NetFU3_1 Pin=VD1_reserve_ch-8
Added Pin To Net: NetName=GND_reserve_ch Pin=VD1_reserve_ch-11
Added Pin To Net: NetName=GND Pin=VD1_reserve_ch-11
Added Pin To Net: NetName=GND_reserve_ch Pin=VD1_reserve_ch-17
Added Pin To Net: NetName=GND Pin=VD1_reserve_ch-17
Added Pin To Net: NetName=GND_main_ch Pin=VT1-1
Added Pin To Net: NetName=GND_reserve_ch Pin=VT2-1
Added Pin To Net: NetName=1-РЕЗ-П Pin=X1-11
Added Pin To Net: NetName=1-РЕЗ-П Pin=X1-12
Added Pin To Net: NetName=1-РЕЗ-П Pin=X2-7
Added Pin To Net: NetName=GND_reserve_ch Pin=X2-20
Change Net Name : Old Net Name=NetR7_2 New Net Name=NetR13_2
Change Net Name : Old Net Name=NetR14_1 New Net Name=NetR8_reserve_ch_1
Change Net Name : Old Net Name=NetR14_2 New Net Name=NetR6_2
Change Net Color : Old Net Color=RGB(0, 190, 0) New Net Color=Default
Change Net Color : Old Net Color=RGB(211, 143, 45) New Net Color=Default
Change Net Color : Old Net Color=RGB(0, 190, 0) New Net Color=Default
Change Net Color : Old Net Color=RGB(211, 143, 45) New Net Color=Default
Change Net Color : Old Net Color=RGB(255, 110, 110) New Net Color=Default
Change Net Color : Old Net Color=RGB(255, 110, 110) New Net Color=Default
Change Net Color : Old Net Color=RGB(110, 110, 255) New Net Color=Default
Change Net Color : Old Net Color=RGB(255, 110, 255) New Net Color=Default
Change Net Color : Old Net Color=RGB(110, 255, 255) New Net Color=Default
Change Net Color : Old Net Color=RGB(255, 110, 255) New Net Color=Default
Change Net Color : Old Net Color=RGB(110, 255, 255) New Net Color=Default
Change Net Color : Old Net Color=RGB(255, 110, 110) New Net Color=Default
Change Net Color : Old Net Color=RGB(255, 110, 255) New Net Color=Default
Change Net Color : Old Net Color=RGB(255, 110, 110) New Net Color=Default
Change Net Color : Old Net Color=RGB(255, 110, 255) New Net Color=Default
Change Net Color : Old Net Color=RGB(255, 110, 110) New Net Color=Default
Change Net Color : Old Net Color=RGB(255, 110, 110) New Net Color=Default
Change Net Color : Old Net Color=RGB(80, 80, 80) New Net Color=Default
Change Net Color : Old Net Color=RGB(80, 80, 80) New Net Color=Default
Change Net Color : Old Net Color=RGB(110, 110, 255) New Net Color=Default
Change Net Color : Old Net Color=RGB(110, 110, 255) New Net Color=Default
Change Net Color : Old Net Color=RGB(255, 110, 255) New Net Color=Default
Change Net Color : Old Net Color=RGB(110, 255, 255) New Net Color=Default
Change Net Color : Old Net Color=RGB(110, 255, 255) New Net Color=Default
Change Net Color : Old Net Color=RGB(255, 110, 255) New Net Color=Default
Change Net Color : Old Net Color=RGB(255, 110, 255) New Net Color=Default
Added Member To Class: ClassName=main_ch Member=Component R8_main_ch (R8) 0
Added Member To Class: ClassName=reserve_ch Member=Component R8_reserve_ch (R8) 0
Added Member To Class: ClassName=main_ch Member=Component VD1_main_ch (VD1) 2D222VS "OSM"
Added Member To Class: ClassName=reserve_ch Member=Component VD1_reserve_ch (VD1) 2D222VS "OSM"
