Removed Pin From Net: NetName=NetX1_4 Pin=X1-4
Removed Pin From Net: NetName=NetX1_6 Pin=X1-6
Removed Pin From Net: NetName=NetX1_4 Pin=X1-8
Removed Pin From Net: NetName=NetX1_10 Pin=X1-10
Removed Pin From Net: NetName=GND_reserve_ch Pin=X2-20
Removed Pin From Net: NetName=NetX1_10 Pin=X2-23
Added Pin To Net: NetName=GND_reserve_ch Pin=C1-1
Added Pin To Net: NetName=GND_reserve_ch Pin=C2-2
Added Pin To Net: NetName=GND_reserve_ch Pin=C3-1
Added Pin To Net: NetName=GND_reserve_ch Pin=C4-2
Added Pin To Net: NetName=GND_reserve_ch Pin=C5-1
Added Pin To Net: NetName=GND_reserve_ch Pin=C6-1
Added Pin To Net: NetName=GND_reserve_ch Pin=C7-2
Added Pin To Net: NetName=GND_reserve_ch Pin=C8-1
Added Pin To Net: NetName=GND_reserve_ch Pin=C9-2
Added Pin To Net: NetName=GND_reserve_ch Pin=C10-1
Added Pin To Net: NetName=GND_reserve_ch Pin=R3-1
Added Pin To Net: NetName=GND_reserve_ch Pin=R5-1
Added Pin To Net: NetName=GND_reserve_ch Pin=R10-1
Added Pin To Net: NetName=GND_reserve_ch Pin=R12-1
Added Pin To Net: NetName=GND_reserve_ch Pin=U1-2
Added Pin To Net: NetName=GND_reserve_ch Pin=U1-4
Added Pin To Net: NetName=GND_reserve_ch Pin=U1-5
Added Pin To Net: NetName=GND_reserve_ch Pin=U2-3
Added Pin To Net: NetName=GND_reserve_ch Pin=U2-3
Added Pin To Net: NetName=GND_reserve_ch Pin=U3-3
Added Pin To Net: NetName=GND_reserve_ch Pin=U4-2
Added Pin To Net: NetName=GND_reserve_ch Pin=U4-4
Added Pin To Net: NetName=GND_reserve_ch Pin=U4-5
Added Pin To Net: NetName=GND_reserve_ch Pin=U5-3
Added Pin To Net: NetName=GND_reserve_ch Pin=U5-3
Added Pin To Net: NetName=GND_reserve_ch Pin=U6-3
Added Pin To Net: NetName=GND_reserve_ch Pin=VT1-1
Added Pin To Net: NetName=GND_reserve_ch Pin=VT2-1
Added Pin To Net: NetName=GND_reserve_ch Pin=X1-3
Added Pin To Net: NetName=GND_reserve_ch Pin=X1-4
Added Pin To Net: NetName=NetC8_2 Pin=X1-6
Added Pin To Net: NetName=GND_reserve_ch Pin=X1-7
Added Pin To Net: NetName=GND_reserve_ch Pin=X1-8
Added Pin To Net: NetName=NetX1_4 Pin=X1-9
Added Pin To Net: NetName=NetX1_4 Pin=X1-10
Added Pin To Net: NetName=GND_reserve_ch Pin=X1-11
Added Pin To Net: NetName=GND_reserve_ch Pin=X1-12
Added Pin To Net: NetName=NetX1_10 Pin=X1-13
Added Pin To Net: NetName=NetX1_10 Pin=X1-14
Added Pin To Net: NetName=NetX1_6 Pin=X1-15
Added Pin To Net: NetName=NetX1_6 Pin=X1-16
Added Pin To Net: NetName=NetX1_6 Pin=X2-6
Added Pin To Net: NetName=GND_reserve_ch Pin=X2-7
Added Pin To Net: NetName=GND_main_ch Pin=X2-20
Added Pin To Net: NetName=NetX1_10 Pin=X2-22
Added Pin To Net: NetName=NetX1_4 Pin=X2-23
Change Net Name : Old Net Name=GND_main_ch New Net Name=GND_reserve_ch
Change Net Name : Old Net Name=GND_reserve_ch New Net Name=1-пег-о
Change Net Name : Old Net Name=GND_reserve_ch New Net Name=GND
Change Net Name : Old Net Name=NetC8_2 New Net Name=+5V_ПЕГ
Change Net Name : Old Net Name=NetR4_2 New Net Name=pwr_en_1
Change Net Name : Old Net Name=NetR6_2 New Net Name=pwr_m-1
Change Net Name : Old Net Name=NetR11_2 New Net Name=pwr_en_2
Change Net Name : Old Net Name=NetR13_2 New Net Name=pwr_m-2
Change Net Name : Old Net Name=NetX1_4 New Net Name=1-пег-н
Change Net Name : Old Net Name=NetX1_6 New Net Name=1-ням-о
Change Net Name : Old Net Name=NetX1_10 New Net Name=1-ням-н
Change Net Color : Old Net Color=RGB(158, 161, 117) New Net Color=RGB(110, 110, 255)
Change Net Color : Old Net Color=RGB(158, 161, 117) New Net Color=RGB(211, 143, 45)
Change Net Color : Old Net Color=RGB(0, 117, 173) New Net Color=RGB(110, 255, 255)
Change Net Color : Old Net Color=RGB(149, 107, 107) New Net Color=RGB(255, 110, 255)
Change Net Color : Old Net Color=RGB(0, 117, 173) New Net Color=RGB(110, 255, 255)
Change Net Color : Old Net Color=RGB(149, 107, 107) New Net Color=RGB(255, 110, 255)
Change Net Color : Old Net Color=RGB(110, 110, 255) New Net Color=RGB(0, 190, 0)
Change Net Color : Old Net Color=RGB(255, 110, 110) New Net Color=RGB(211, 143, 45)
