Added Pin To Net: NetName=GND_main_ch Pin=C1-1
Added Pin To Net: NetName=GND_main_ch Pin=C2-2
Added Pin To Net: NetName=GND_main_ch Pin=C3-1
Added Pin To Net: NetName=GND_main_ch Pin=C4-2
Added Pin To Net: NetName=GND_main_ch Pin=C5-1
Added Pin To Net: NetName=GND_reserve_ch Pin=C6-1
Added Pin To Net: NetName=GND_reserve_ch Pin=C7-2
Added Pin To Net: NetName=GND_reserve_ch Pin=C8-1
Added Pin To Net: NetName=GND_reserve_ch Pin=C9-2
Added Pin To Net: NetName=GND_reserve_ch Pin=C10-1
Added Pin To Net: NetName=GND_main_ch Pin=R3-1
Added Pin To Net: NetName=GND_main_ch Pin=R5-1
Added Pin To Net: NetName=GND_reserve_ch Pin=R11-1
Added Pin To Net: NetName=GND_reserve_ch Pin=R13-1
Added Pin To Net: NetName=GND_main_ch Pin=U1-2
Added Pin To Net: NetName=GND_main_ch Pin=U1-4
Added Pin To Net: NetName=GND_main_ch Pin=U1-5
Added Pin To Net: NetName=GND_main_ch Pin=U2-3
Added Pin To Net: NetName=GND_main_ch Pin=U2-3
Added Pin To Net: NetName=GND Pin=U3-3
Added Pin To Net: NetName=GND_reserve_ch Pin=U4-2
Added Pin To Net: NetName=GND_reserve_ch Pin=U4-4
Added Pin To Net: NetName=GND_reserve_ch Pin=U4-5
Added Pin To Net: NetName=GND_reserve_ch Pin=U5-3
Added Pin To Net: NetName=GND_reserve_ch Pin=U5-3
Added Pin To Net: NetName=GND Pin=U6-3
Added Pin To Net: NetName=GND Pin=VD1-11
Added Pin To Net: NetName=GND Pin=VD1-17
Added Pin To Net: NetName=GND Pin=VD2-11
Added Pin To Net: NetName=GND Pin=VD2-17
Added Pin To Net: NetName=GND_main_ch Pin=VT1-1
Added Pin To Net: NetName=GND_reserve_ch Pin=VT2-1
