Change Component Designator: OldDesignator=C6 NewDesignator=C5
Change Component Designator: OldDesignator=C7 NewDesignator=C6
Change Component Designator: OldDesignator=C8 NewDesignator=C7
Change Component Designator: OldDesignator=C9 NewDesignator=C8
Change Component Designator: OldDesignator=FU2 NewDesignator=FU3
Change Component Designator: OldDesignator=FU2_main_ch NewDesignator=FU2
Change Component Designator: OldDesignator=FU2_reserve_ch NewDesignator=FU4
Change Component Designator: OldDesignator=R4 NewDesignator=R1
Change Component Designator: OldDesignator=R5 NewDesignator=R2
Change Component Designator: OldDesignator=R12 NewDesignator=R3
Change Component Designator: OldDesignator=R13 NewDesignator=R4
Change Component Designator: OldDesignator=U4 NewDesignator=U2
Change Component Designator: OldDesignator=VD1_main_ch NewDesignator=VD1
Change Component Designator: OldDesignator=VD1_reserve_ch NewDesignator=VD2
Added Pin To Net: NetName=GND Pin=C1-1
Added Pin To Net: NetName=GND Pin=C2-2
Added Pin To Net: NetName=GND Pin=C3-1
Added Pin To Net: NetName=GND Pin=C4-2
Added Pin To Net: NetName=GND Pin=C5-1
Added Pin To Net: NetName=GND Pin=C6-2
Added Pin To Net: NetName=GND Pin=C7-1
Added Pin To Net: NetName=GND Pin=C8-2
Added Pin To Net: NetName=GND Pin=R2-1
Added Pin To Net: NetName=GND Pin=R4-1
Added Pin To Net: NetName=GND Pin=U1-2
Added Pin To Net: NetName=GND Pin=U1-4
Added Pin To Net: NetName=GND Pin=U1-5
Added Pin To Net: NetName=GND Pin=U2-2
Added Pin To Net: NetName=GND Pin=U2-4
Added Pin To Net: NetName=GND Pin=U2-5
Added Pin To Net: NetName=GND Pin=VT1-1
Added Pin To Net: NetName=GND Pin=VT2-1
Change Net Name : Old Net Name=NetC6_2 New Net Name=NetC5_2
Change Net Name : Old Net Name=NetFU2_1 New Net Name=NetFU3_1
Change Net Name : Old Net Name=NetFU2_2 New Net Name=NetFU3_2
Change Net Name : Old Net Name=NetFU2_main_ch_2 New Net Name=NetFU2_2
Change Net Name : Old Net Name=NetFU2_reserve_ch_2 New Net Name=NetFU4_2
Change Net Name : Old Net Name=NetR4_1 New Net Name=NetR1_1
Change Net Name : Old Net Name=NetR12_1 New Net Name=NetR3_1
Change Net Name : Old Net Name=NetU4_7 New Net Name=NetU2_7
Added Room: Name=main_ch
Added Room: Name=reserve_ch
