Reset Component Physical Designator: Old Designator=C1 New Designator=C1_main_ch
Reset Component Physical Designator: Old Designator=C2 New Designator=C2_main_ch
Reset Component Physical Designator: Old Designator=C3 New Designator=C3_main_ch
Reset Component Physical Designator: Old Designator=C4 New Designator=C4_main_ch
Reset Component Physical Designator: Old Designator=C6 New Designator=C1_reserve_ch
Reset Component Physical Designator: Old Designator=C7 New Designator=C2_reserve_ch
Reset Component Physical Designator: Old Designator=C8 New Designator=C3_reserve_ch
Reset Component Physical Designator: Old Designator=C9 New Designator=C4_reserve_ch
Reset Component Physical Designator: Old Designator=FU1 New Designator=FU1_main_ch
Reset Component Physical Designator: Old Designator=FU2 New Designator=FU1_reserve_ch
Reset Component Physical Designator: Old Designator=R4 New Designator=R1_main_ch
Reset Component Physical Designator: Old Designator=R5 New Designator=R2_main_ch
Reset Component Physical Designator: Old Designator=R12 New Designator=R1_reserve_ch
Reset Component Physical Designator: Old Designator=R13 New Designator=R2_reserve_ch
Reset Component Physical Designator: Old Designator=U1 New Designator=U1_main_ch
Reset Component Physical Designator: Old Designator=U4 New Designator=U1_reserve_ch
Reset Component Physical Designator: Old Designator=VT1 New Designator=VT1_main_ch
Reset Component Physical Designator: Old Designator=VT2 New Designator=VT1_reserve_ch
Reset Component Physical Designator: Old Designator=X1 New Designator=X1
Reset Component Physical Designator: Old Designator=X2 New Designator=X2
