Change Component Physical Designator: Old Designator=C1_main_ch New Designator=C1
Change Component Physical Designator: Old Designator=C1_reserve_ch New Designator=C5
Change Component Physical Designator: Old Designator=C2_main_ch New Designator=C2
Change Component Physical Designator: Old Designator=C2_reserve_ch New Designator=C6
Change Component Physical Designator: Old Designator=C3_main_ch New Designator=C3
Change Component Physical Designator: Old Designator=C3_reserve_ch New Designator=C7
Change Component Physical Designator: Old Designator=C4_main_ch New Designator=C4
Change Component Physical Designator: Old Designator=C4_reserve_ch New Designator=C8
Change Component Physical Designator: Old Designator=FU1_main_ch New Designator=FU1
Change Component Physical Designator: Old Designator=FU1_reserve_ch New Designator=FU3
Change Component Physical Designator: Old Designator=FU2_main_ch New Designator=FU2
Change Component Physical Designator: Old Designator=FU2_reserve_ch New Designator=FU4
Change Component Physical Designator: Old Designator=R1_main_ch New Designator=R1
Change Component Physical Designator: Old Designator=R1_reserve_ch New Designator=R3
Change Component Physical Designator: Old Designator=R2_main_ch New Designator=R2
Change Component Physical Designator: Old Designator=R2_reserve_ch New Designator=R4
Change Component Physical Designator: Old Designator=U1_main_ch New Designator=U1
Change Component Physical Designator: Old Designator=U1_reserve_ch New Designator=U2
Change Component Physical Designator: Old Designator=VD1_main_ch New Designator=VD1
Change Component Physical Designator: Old Designator=VD1_reserve_ch New Designator=VD2
Change Component Physical Designator: Old Designator=VT1_main_ch New Designator=VT1
Change Component Physical Designator: Old Designator=VT1_reserve_ch New Designator=VT2
