Removed Pin From Net: NetName=NetU1_dv_power_chanel1_7 Pin=VT1_dv_power_chanel1-3
Removed Pin From Net: NetName=NetU1_dv_power_chanel2_7 Pin=VT1_dv_power_chanel2-3
Change Component Designator: OldDesignator=C1_dv_power_chanel1 NewDesignator=C1
Change Component Designator: OldDesignator=C1_dv_power_chanel2 NewDesignator=C5
Change Component Designator: OldDesignator=C2_dv_power_chanel1 NewDesignator=C2
Change Component Designator: OldDesignator=C2_dv_power_chanel2 NewDesignator=C6
Change Component Designator: OldDesignator=C3_dv_power_chanel1 NewDesignator=C3
Change Component Designator: OldDesignator=C3_dv_power_chanel2 NewDesignator=C7
Change Component Designator: OldDesignator=C4_dv_power_chanel1 NewDesignator=C4
Change Component Designator: OldDesignator=C4_dv_power_chanel2 NewDesignator=C8
Change Component Designator: OldDesignator=FU1_dv_power_chanel1 NewDesignator=FU1
Change Component Designator: OldDesignator=FU1_dv_power_chanel2 NewDesignator=FU3
Change Component Designator: OldDesignator=FU2_dv_power_chanel1 NewDesignator=FU2
Change Component Designator: OldDesignator=FU2_dv_power_chanel2 NewDesignator=FU4
Change Component Designator: OldDesignator=R1_dv_power_chanel1 NewDesignator=R1
Change Component Designator: OldDesignator=R1_dv_power_chanel2 NewDesignator=R3
Change Component Designator: OldDesignator=R2_dv_power_chanel1 NewDesignator=R2
Change Component Designator: OldDesignator=R2_dv_power_chanel2 NewDesignator=R4
Change Component Designator: OldDesignator=VD1_dv_power_chanel1 NewDesignator=VD1
Change Component Designator: OldDesignator=VD1_dv_power_chanel2 NewDesignator=VD2
Change Component Designator: OldDesignator=VT1_dv_power_chanel1 NewDesignator=VT1
Change Component Designator: OldDesignator=VT1_dv_power_chanel2 NewDesignator=VT2
Change Component Designator: OldDesignator=X2 NewDesignator=X1
Added Pin To Net: NetName=NetU1_dv_power_chanel2_7 Pin=VT1-3
Added Pin To Net: NetName=NetU1_dv_power_chanel1_7 Pin=VT2-3
Change Net Name : Old Net Name=NetC1_dv_power_chanel1_2 New Net Name=NetC1_2
Change Net Name : Old Net Name=NetC1_dv_power_chanel2_2 New Net Name=NetC5_2
Change Net Name : Old Net Name=NetFU1_dv_power_chanel1_2 New Net Name=NetFU1_2
Change Net Name : Old Net Name=NetFU1_dv_power_chanel2_2 New Net Name=NetFU3_2
Change Net Name : Old Net Name=NetFU2_dv_power_chanel1_2 New Net Name=NetFU2_2
Change Net Name : Old Net Name=NetFU2_dv_power_chanel2_2 New Net Name=NetFU4_2
Change Net Name : Old Net Name=NetR1_dv_power_chanel1_1 New Net Name=NetR1_1
Change Net Name : Old Net Name=NetR1_dv_power_chanel2_1 New Net Name=NetR3_1
Change Net Name : Old Net Name=NetU1_dv_power_chanel1_7 New Net Name=NetU2_7
Change Net Name : Old Net Name=NetU1_dv_power_chanel2_7 New Net Name=NetU1_7
