Reset Component Physical Designator: Old Designator=C1 New Designator=C?_main_ch
Reset Component Physical Designator: Old Designator=C2 New Designator=C?_main_ch
Reset Component Physical Designator: Old Designator=C3 New Designator=C?_main_ch
Reset Component Physical Designator: Old Designator=C4 New Designator=C?_main_ch
Reset Component Physical Designator: Old Designator=C5 New Designator=C?_main_ch
Reset Component Physical Designator: Old Designator=C6 New Designator=C?_reserve_ch
Reset Component Physical Designator: Old Designator=C7 New Designator=C?_reserve_ch
Reset Component Physical Designator: Old Designator=C8 New Designator=C?_reserve_ch
Reset Component Physical Designator: Old Designator=C9 New Designator=C?_reserve_ch
Reset Component Physical Designator: Old Designator=C10 New Designator=C?_reserve_ch
Reset Component Physical Designator: Old Designator=FU1 New Designator=FU?_main_ch
Reset Component Physical Designator: Old Designator=FU3 New Designator=FU?_reserve_ch
Reset Component Physical Designator: Old Designator=R1 New Designator=R?_main_ch
Reset Component Physical Designator: Old Designator=R2 New Designator=R?_main_ch
Reset Component Physical Designator: Old Designator=R3 New Designator=R?_main_ch
Reset Component Physical Designator: Old Designator=R4 New Designator=R?_main_ch
Reset Component Physical Designator: Old Designator=R5 New Designator=R?_main_ch
Reset Component Physical Designator: Old Designator=R6 New Designator=R?_main_ch
Reset Component Physical Designator: Old Designator=R7 New Designator=R?_main_ch
Reset Component Physical Designator: Old Designator=R8 New Designator=R?_reserve_ch
Reset Component Physical Designator: Old Designator=R9 New Designator=R?_reserve_ch
Reset Component Physical Designator: Old Designator=R10 New Designator=R?_reserve_ch
Reset Component Physical Designator: Old Designator=R11 New Designator=R?_reserve_ch
Reset Component Physical Designator: Old Designator=R12 New Designator=R?_reserve_ch
Reset Component Physical Designator: Old Designator=R13 New Designator=R?_reserve_ch
Reset Component Physical Designator: Old Designator=R14 New Designator=R?_reserve_ch
Reset Component Physical Designator: Old Designator=U1 New Designator=U?_main_ch
Reset Component Physical Designator: Old Designator=U2 New Designator=U?_main_ch
Reset Component Physical Designator: Old Designator=U3 New Designator=U?_main_ch
Reset Component Physical Designator: Old Designator=U4 New Designator=U?_reserve_ch
Reset Component Physical Designator: Old Designator=U5 New Designator=U?_reserve_ch
Reset Component Physical Designator: Old Designator=U6 New Designator=U?_reserve_ch
Reset Component Physical Designator: Old Designator=VT1 New Designator=VT?_main_ch
Reset Component Physical Designator: Old Designator=VT2 New Designator=VT?_reserve_ch
Reset Component Physical Designator: Old Designator=X1 New Designator=X?
