Removed Pin From Net: NetName=NetFU1_1 Pin=X1-1
Removed Pin From Net: NetName=NetFU1_1 Pin=X1-2
Removed Pin From Net: NetName=NetFU3_1 Pin=X1-3
Removed Pin From Net: NetName=NetFU3_1 Pin=X1-4
Removed Pin From Net: NetName=1-ÎÑÍ-Ï Pin=X1-6
Removed Pin From Net: NetName=1-ÐÅÇ-Ï Pin=X1-7
Removed Pin From Net: NetName=GND_main_ch Pin=X1-17
Removed Pin From Net: NetName=GND_main_ch Pin=X1-18
Removed Pin From Net: NetName=GND_reserve_ch Pin=X1-19
Removed Pin From Net: NetName=GND_reserve_ch Pin=X1-20
Removed Pin From Net: NetName=1-ÎÑÍ-Î Pin=X1-22
Removed Pin From Net: NetName=1-ÐÅÇ-Î Pin=X1-23
Removed Member From Class: ClassName=dv_power Member=X1
Added Pin To Net: NetName=GND_main_ch Pin=C1-1
Added Pin To Net: NetName=GND_main_ch Pin=C2-2
Added Pin To Net: NetName=GND_main_ch Pin=C3-1
Added Pin To Net: NetName=GND_main_ch Pin=C4-2
Added Pin To Net: NetName=GND_reserve_ch Pin=C5-1
Added Pin To Net: NetName=GND_reserve_ch Pin=C6-2
Added Pin To Net: NetName=GND_reserve_ch Pin=C7-1
Added Pin To Net: NetName=GND_reserve_ch Pin=C8-2
Added Pin To Net: NetName=GND_main_ch Pin=R2-1
Added Pin To Net: NetName=GND_reserve_ch Pin=R4-1
Added Pin To Net: NetName=GND_main_ch Pin=U1-2
Added Pin To Net: NetName=GND_main_ch Pin=U1-4
Added Pin To Net: NetName=GND_main_ch Pin=U1-5
Added Pin To Net: NetName=GND_reserve_ch Pin=U2-2
Added Pin To Net: NetName=GND_reserve_ch Pin=U2-4
Added Pin To Net: NetName=GND_reserve_ch Pin=U2-5
Added Pin To Net: NetName=GND_main_ch Pin=VT1-1
Added Pin To Net: NetName=GND_reserve_ch Pin=VT2-1
Added Member To Class: ClassName=reserve_ch Member=Component C6 (C2) 10ìêÔõ50Â
Added Member To Class: ClassName=reserve_ch Member=Component C8 (C4) 10ìêÔõ50Â
