Removed Pin From Net: NetName=GND_main_ch Pin=C1-1
Removed Pin From Net: NetName=NetC1_2 Pin=C1-2
Removed Pin From Net: NetName=NetC1_2 Pin=C2-1
Removed Pin From Net: NetName=GND_main_ch Pin=C2-2
Removed Pin From Net: NetName=GND_main_ch Pin=C3-1
Removed Pin From Net: NetName=+5V_осн Pin=C3-2
Removed Pin From Net: NetName=+5V_осн Pin=C4-1
Removed Pin From Net: NetName=GND_main_ch Pin=C4-2
Removed Pin From Net: NetName=GND_reserve_ch Pin=C5-1
Removed Pin From Net: NetName=NetC5_2 Pin=C5-2
Removed Pin From Net: NetName=NetC5_2 Pin=C6-1
Removed Pin From Net: NetName=GND_reserve_ch Pin=C6-2
Removed Pin From Net: NetName=GND_reserve_ch Pin=C7-1
Removed Pin From Net: NetName=+5V_рез Pin=C7-2
Removed Pin From Net: NetName=+5V_рез Pin=C8-1
Removed Pin From Net: NetName=GND_reserve_ch Pin=C8-2
Removed Pin From Net: NetName=NetFU1_1 Pin=FU1-1
Removed Pin From Net: NetName=NetFU1_2 Pin=FU1-2
Removed Pin From Net: NetName=NetFU1_1 Pin=FU2-1
Removed Pin From Net: NetName=NetFU2_2 Pin=FU2-2
Removed Pin From Net: NetName=NetFU3_1 Pin=FU3-1
Removed Pin From Net: NetName=NetFU3_2 Pin=FU3-2
Removed Pin From Net: NetName=NetFU3_1 Pin=FU4-1
Removed Pin From Net: NetName=NetFU4_2 Pin=FU4-2
Removed Pin From Net: NetName=NetR1_1 Pin=R1-1
Removed Pin From Net: NetName=pwr_en_1 Pin=R1-2
Removed Pin From Net: NetName=GND_main_ch Pin=R2-1
Removed Pin From Net: NetName=pwr_en_1 Pin=R2-2
Removed Pin From Net: NetName=NetR3_1 Pin=R3-1
Removed Pin From Net: NetName=pwr_en_2 Pin=R3-2
Removed Pin From Net: NetName=GND_reserve_ch Pin=R4-1
Removed Pin From Net: NetName=pwr_en_2 Pin=R4-2
Removed Pin From Net: NetName=NetC1_2 Pin=U1-1
Removed Pin From Net: NetName=GND_main_ch Pin=U1-2
Removed Pin From Net: NetName=+5V_осн Pin=U1-3
Removed Pin From Net: NetName=GND_main_ch Pin=U1-4
Removed Pin From Net: NetName=GND_main_ch Pin=U1-5
Removed Pin From Net: NetName=NetU1_7 Pin=U1-7
Removed Pin From Net: NetName=NetC5_2 Pin=U2-1
Removed Pin From Net: NetName=GND_reserve_ch Pin=U2-2
Removed Pin From Net: NetName=+5V_рез Pin=U2-3
Removed Pin From Net: NetName=GND_reserve_ch Pin=U2-4
Removed Pin From Net: NetName=GND_reserve_ch Pin=U2-5
Removed Pin From Net: NetName=NetU2_7 Pin=U2-7
Removed Pin From Net: NetName=NetC1_2 Pin=VD1-8
Removed Pin From Net: NetName=NetFU1_2 Pin=VD1-11
Removed Pin From Net: NetName=NetFU2_2 Pin=VD1-17
Removed Pin From Net: NetName=NetC5_2 Pin=VD2-8
Removed Pin From Net: NetName=NetFU3_2 Pin=VD2-11
Removed Pin From Net: NetName=NetFU4_2 Pin=VD2-17
Removed Pin From Net: NetName=GND_main_ch Pin=VT1-1
Removed Pin From Net: NetName=NetR1_1 Pin=VT1-2
Removed Pin From Net: NetName=NetU1_7 Pin=VT1-3
Removed Pin From Net: NetName=GND_reserve_ch Pin=VT2-1
Removed Pin From Net: NetName=NetR3_1 Pin=VT2-2
Removed Pin From Net: NetName=NetU2_7 Pin=VT2-3
Removed Pin From Net: NetName=+5V_осн Pin=X2-1
Removed Pin From Net: NetName=+5V_осн Pin=X2-2
Removed Pin From Net: NetName=+5V_рез Pin=X2-3
Removed Pin From Net: NetName=+5V_рез Pin=X2-4
Removed Pin From Net: NetName=pwr_en_1 Pin=X2-17
Removed Pin From Net: NetName=pwr_en_2 Pin=X2-18
Removed Pin From Net: NetName=pwr_m-1 Pin=X2-19
Removed Member From Class: ClassName=main_ch Member=C1
Removed Member From Class: ClassName=main_ch Member=C2
Removed Member From Class: ClassName=main_ch Member=C3
Removed Member From Class: ClassName=main_ch Member=C4
Removed Member From Class: ClassName=reserve_ch Member=C5
Removed Member From Class: ClassName=reserve_ch Member=C6
Removed Member From Class: ClassName=reserve_ch Member=C7
Removed Member From Class: ClassName=reserve_ch Member=C8
Removed Member From Class: ClassName=main_ch Member=FU1
Removed Member From Class: ClassName=main_ch Member=FU2
Removed Member From Class: ClassName=reserve_ch Member=FU3
Removed Member From Class: ClassName=reserve_ch Member=FU4
Removed Member From Class: ClassName=main_ch Member=R1
Removed Member From Class: ClassName=main_ch Member=R2
Removed Member From Class: ClassName=reserve_ch Member=R3
Removed Member From Class: ClassName=reserve_ch Member=R4
Removed Member From Class: ClassName=main_ch Member=U1
Removed Member From Class: ClassName=reserve_ch Member=U2
Removed Member From Class: ClassName=main_ch Member=VD1
Removed Member From Class: ClassName=reserve_ch Member=VD2
Removed Member From Class: ClassName=main_ch Member=VT1
Removed Member From Class: ClassName=reserve_ch Member=VT2
Added Component: Designator=C1_dv_power_chanel1(SMD_0805)
Add component (AddParameter): Name = "Value"; Value = "0,1мкФ"; VariantName = "[No Variations]"
Add component (AddParameter): Name = "Назначение"; Value = "SMD-конденсатор"; VariantName = "[No Variations]"
Add component (AddParameter): Name = "Наименование"; Value = "Конденсатор"; VariantName = "[No Variations]"
Add component (AddParameter): Name = "Потребление, Вт"; Value = "0"; VariantName = "[No Variations]"
Added Component: Designator=C1_dv_power_chanel2(SMD_0805)
Add component (AddParameter): Name = "Value"; Value = "0,1мкФ"; VariantName = "[No Variations]"
Add component (AddParameter): Name = "Назначение"; Value = "SMD-конденсатор"; VariantName = "[No Variations]"
Add component (AddParameter): Name = "Наименование"; Value = "Конденсатор"; VariantName = "[No Variations]"
Add component (AddParameter): Name = "Потребление, Вт"; Value = "0"; VariantName = "[No Variations]"
Added Component: Designator=C2_dv_power_chanel1(SMD_size_B)
Add component (AddParameter): Name = "Value"; Value = "10мкФх50В"; VariantName = "[No Variations]"
Add component (AddParameter): Name = "Назначение"; Value = "Поляризованный SMD-конденсатор"; VariantName = "[No Variations]"
Add component (AddParameter): Name = "Наименование"; Value = "Поляризованный конденсатор"; VariantName = "[No Variations]"
Add component (AddParameter): Name = "Потребление, Вт"; Value = "0"; VariantName = "[No Variations]"
Added Component: Designator=C2_dv_power_chanel2(SMD_size_B)
Add component (AddParameter): Name = "Value"; Value = "10мкФх50В"; VariantName = "[No Variations]"
Add component (AddParameter): Name = "Назначение"; Value = "Поляризованный SMD-конденсатор"; VariantName = "[No Variations]"
Add component (AddParameter): Name = "Наименование"; Value = "Поляризованный конденсатор"; VariantName = "[No Variations]"
Add component (AddParameter): Name = "Потребление, Вт"; Value = "0"; VariantName = "[No Variations]"
Added Component: Designator=C3_dv_power_chanel1(SMD_0805)
Add component (AddParameter): Name = "Value"; Value = "0,1мкФ"; VariantName = "[No Variations]"
Add component (AddParameter): Name = "Назначение"; Value = "SMD-конденсатор"; VariantName = "[No Variations]"
Add component (AddParameter): Name = "Наименование"; Value = "Конденсатор"; VariantName = "[No Variations]"
Add component (AddParameter): Name = "Потребление, Вт"; Value = "0"; VariantName = "[No Variations]"
Added Component: Designator=C3_dv_power_chanel2(SMD_0805)
Add component (AddParameter): Name = "Value"; Value = "0,1мкФ"; VariantName = "[No Variations]"
Add component (AddParameter): Name = "Назначение"; Value = "SMD-конденсатор"; VariantName = "[No Variations]"
Add component (AddParameter): Name = "Наименование"; Value = "Конденсатор"; VariantName = "[No Variations]"
Add component (AddParameter): Name = "Потребление, Вт"; Value = "0"; VariantName = "[No Variations]"
Added Component: Designator=C4_dv_power_chanel1(SMD_size_B)
Add component (AddParameter): Name = "Value"; Value = "10мкФх50В"; VariantName = "[No Variations]"
Add component (AddParameter): Name = "Назначение"; Value = "Поляризованный SMD-конденсатор"; VariantName = "[No Variations]"
Add component (AddParameter): Name = "Наименование"; Value = "Поляризованный конденсатор"; VariantName = "[No Variations]"
Add component (AddParameter): Name = "Потребление, Вт"; Value = "0"; VariantName = "[No Variations]"
Added Component: Designator=C4_dv_power_chanel2(SMD_size_B)
Add component (AddParameter): Name = "Value"; Value = "10мкФх50В"; VariantName = "[No Variations]"
Add component (AddParameter): Name = "Назначение"; Value = "Поляризованный SMD-конденсатор"; VariantName = "[No Variations]"
Add component (AddParameter): Name = "Наименование"; Value = "Поляризованный конденсатор"; VariantName = "[No Variations]"
Add component (AddParameter): Name = "Потребление, Вт"; Value = "0"; VariantName = "[No Variations]"
Added Component: Designator=FU1_dv_power_chanel1(VP1-2)
Add component (AddParameter): Name = "ComponentLink1Description"; Value = "DataSheet"; VariantName = "[No Variations]"
Add component (AddParameter): Name = "ComponentLink1URL"; Value = "https://docviewer.yandex.ru/view/20572601/?page=1&*=oYyHA%2BCwzeyRvrmOJV6%2ByaBlbHJ7InVybCI6Imh0dHBzOi8vZWwtcmEucnUvdXBsb2FkL2libG9jay8wMTYvdnN0YXZrYS1wbGF2a2EtdnAxXzItX2VsZWt0cm9uaWthX3JhXy5wZGYiLCJ0aXRsZSI6InZzdGF2a2EtcGxhdmthLXZwMV8yLV9lbGVrdHJvbmlrYV9yYV8ucGRmIiwibm9pZnJhbWUiOnRydWUsInVpZCI6IjIwNTcyNjAxIiwidHMiOjE1OTI0NzI0NTM1MTUsInl1IjoiODg5MDYxMzMxNTQzMzg3MTIxIiwic2VycFBhcmFtcyI6Imxhbmc9cnUmdG09MTU5MjQ3MjQyOCZ0bGQ9cnUmbmFtZT12c3RhdmthLXBsYXZrYS12cDFfMi1fZWxla3Ryb25pa2FfcmFfLnBkZiZ0ZXh0PSVEMCVCMiVEMCVCRjEtMiZ1cmw9aHR0cHMlM0EvL2VsLXJhLnJ1L3VwbG9hZC9pYmxvY2svMDE2L3ZzdGF2a2EtcGxhdmthLXZwMV8yLV9lbGVrdHJvbmlrYV9yYV8ucGRmJmxyPTY1Jm1pbWU9cGRmJmwxMG49cnUmc2lnbj0yZWMwNDRiZDQyMGRlMjRmMjI1MThkNTc4YjZlMTlkYiZrZXlubz0wIn0%3D&lang=ru"; VariantName = "[No Variations]"
Add component (AddParameter): Name = "Value"; Value = "0.25A"; VariantName = "[No Variations]"
Add component (AddParameter): Name = "Назначение"; Value = "Предохранитель плавкий"; VariantName = "[No Variations]"
Add component (AddParameter): Name = "Наименование"; Value = "ВП1-2 "ВП""; VariantName = "[No Variations]"
Added Component: Designator=FU1_dv_power_chanel2(VP1-2)
Add component (AddParameter): Name = "ComponentLink1Description"; Value = "DataSheet"; VariantName = "[No Variations]"
Add component (AddParameter): Name = "ComponentLink1URL"; Value = "https://docviewer.yandex.ru/view/20572601/?page=1&*=oYyHA%2BCwzeyRvrmOJV6%2ByaBlbHJ7InVybCI6Imh0dHBzOi8vZWwtcmEucnUvdXBsb2FkL2libG9jay8wMTYvdnN0YXZrYS1wbGF2a2EtdnAxXzItX2VsZWt0cm9uaWthX3JhXy5wZGYiLCJ0aXRsZSI6InZzdGF2a2EtcGxhdmthLXZwMV8yLV9lbGVrdHJvbmlrYV9yYV8ucGRmIiwibm9pZnJhbWUiOnRydWUsInVpZCI6IjIwNTcyNjAxIiwidHMiOjE1OTI0NzI0NTM1MTUsInl1IjoiODg5MDYxMzMxNTQzMzg3MTIxIiwic2VycFBhcmFtcyI6Imxhbmc9cnUmdG09MTU5MjQ3MjQyOCZ0bGQ9cnUmbmFtZT12c3RhdmthLXBsYXZrYS12cDFfMi1fZWxla3Ryb25pa2FfcmFfLnBkZiZ0ZXh0PSVEMCVCMiVEMCVCRjEtMiZ1cmw9aHR0cHMlM0EvL2VsLXJhLnJ1L3VwbG9hZC9pYmxvY2svMDE2L3ZzdGF2a2EtcGxhdmthLXZwMV8yLV9lbGVrdHJvbmlrYV9yYV8ucGRmJmxyPTY1Jm1pbWU9cGRmJmwxMG49cnUmc2lnbj0yZWMwNDRiZDQyMGRlMjRmMjI1MThkNTc4YjZlMTlkYiZrZXlubz0wIn0%3D&lang=ru"; VariantName = "[No Variations]"
Add component (AddParameter): Name = "Value"; Value = "0.25A"; VariantName = "[No Variations]"
Add component (AddParameter): Name = "Назначение"; Value = "Предохранитель плавкий"; VariantName = "[No Variations]"
Add component (AddParameter): Name = "Наименование"; Value = "ВП1-2 "ВП""; VariantName = "[No Variations]"
Added Component: Designator=FU2_dv_power_chanel1(VP1-2)
Add component (AddParameter): Name = "ComponentLink1Description"; Value = "DataSheet"; VariantName = "[No Variations]"
Add component (AddParameter): Name = "ComponentLink1URL"; Value = "https://docviewer.yandex.ru/view/20572601/?page=1&*=oYyHA%2BCwzeyRvrmOJV6%2ByaBlbHJ7InVybCI6Imh0dHBzOi8vZWwtcmEucnUvdXBsb2FkL2libG9jay8wMTYvdnN0YXZrYS1wbGF2a2EtdnAxXzItX2VsZWt0cm9uaWthX3JhXy5wZGYiLCJ0aXRsZSI6InZzdGF2a2EtcGxhdmthLXZwMV8yLV9lbGVrdHJvbmlrYV9yYV8ucGRmIiwibm9pZnJhbWUiOnRydWUsInVpZCI6IjIwNTcyNjAxIiwidHMiOjE1OTI0NzI0NTM1MTUsInl1IjoiODg5MDYxMzMxNTQzMzg3MTIxIiwic2VycFBhcmFtcyI6Imxhbmc9cnUmdG09MTU5MjQ3MjQyOCZ0bGQ9cnUmbmFtZT12c3RhdmthLXBsYXZrYS12cDFfMi1fZWxla3Ryb25pa2FfcmFfLnBkZiZ0ZXh0PSVEMCVCMiVEMCVCRjEtMiZ1cmw9aHR0cHMlM0EvL2VsLXJhLnJ1L3VwbG9hZC9pYmxvY2svMDE2L3ZzdGF2a2EtcGxhdmthLXZwMV8yLV9lbGVrdHJvbmlrYV9yYV8ucGRmJmxyPTY1Jm1pbWU9cGRmJmwxMG49cnUmc2lnbj0yZWMwNDRiZDQyMGRlMjRmMjI1MThkNTc4YjZlMTlkYiZrZXlubz0wIn0%3D&lang=ru"; VariantName = "[No Variations]"
Add component (AddParameter): Name = "Value"; Value = "0.25A"; VariantName = "[No Variations]"
Add component (AddParameter): Name = "Назначение"; Value = "Предохранитель плавкий"; VariantName = "[No Variations]"
Add component (AddParameter): Name = "Наименование"; Value = "ВП1-2 "ВП""; VariantName = "[No Variations]"
Added Component: Designator=FU2_dv_power_chanel2(VP1-2)
Add component (AddParameter): Name = "ComponentLink1Description"; Value = "DataSheet"; VariantName = "[No Variations]"
Add component (AddParameter): Name = "ComponentLink1URL"; Value = "https://docviewer.yandex.ru/view/20572601/?page=1&*=oYyHA%2BCwzeyRvrmOJV6%2ByaBlbHJ7InVybCI6Imh0dHBzOi8vZWwtcmEucnUvdXBsb2FkL2libG9jay8wMTYvdnN0YXZrYS1wbGF2a2EtdnAxXzItX2VsZWt0cm9uaWthX3JhXy5wZGYiLCJ0aXRsZSI6InZzdGF2a2EtcGxhdmthLXZwMV8yLV9lbGVrdHJvbmlrYV9yYV8ucGRmIiwibm9pZnJhbWUiOnRydWUsInVpZCI6IjIwNTcyNjAxIiwidHMiOjE1OTI0NzI0NTM1MTUsInl1IjoiODg5MDYxMzMxNTQzMzg3MTIxIiwic2VycFBhcmFtcyI6Imxhbmc9cnUmdG09MTU5MjQ3MjQyOCZ0bGQ9cnUmbmFtZT12c3RhdmthLXBsYXZrYS12cDFfMi1fZWxla3Ryb25pa2FfcmFfLnBkZiZ0ZXh0PSVEMCVCMiVEMCVCRjEtMiZ1cmw9aHR0cHMlM0EvL2VsLXJhLnJ1L3VwbG9hZC9pYmxvY2svMDE2L3ZzdGF2a2EtcGxhdmthLXZwMV8yLV9lbGVrdHJvbmlrYV9yYV8ucGRmJmxyPTY1Jm1pbWU9cGRmJmwxMG49cnUmc2lnbj0yZWMwNDRiZDQyMGRlMjRmMjI1MThkNTc4YjZlMTlkYiZrZXlubz0wIn0%3D&lang=ru"; VariantName = "[No Variations]"
Add component (AddParameter): Name = "Value"; Value = "0.25A"; VariantName = "[No Variations]"
Add component (AddParameter): Name = "Назначение"; Value = "Предохранитель плавкий"; VariantName = "[No Variations]"
Add component (AddParameter): Name = "Наименование"; Value = "ВП1-2 "ВП""; VariantName = "[No Variations]"
Added Component: Designator=R1_dv_power_chanel1(SMD_0805)
Add component (AddParameter): Name = "Value"; Value = "2k"; VariantName = "[No Variations]"
Add component (AddParameter): Name = "Назначение"; Value = "SMD-резистор"; VariantName = "[No Variations]"
Add component (AddParameter): Name = "Наименование"; Value = "Резистор"; VariantName = "[No Variations]"
Add component (AddParameter): Name = "Потребление, Вт"; Value = "0,001"; VariantName = "[No Variations]"
Added Component: Designator=R1_dv_power_chanel2(SMD_0805)
Add component (AddParameter): Name = "Value"; Value = "2k"; VariantName = "[No Variations]"
Add component (AddParameter): Name = "Назначение"; Value = "SMD-резистор"; VariantName = "[No Variations]"
Add component (AddParameter): Name = "Наименование"; Value = "Резистор"; VariantName = "[No Variations]"
Add component (AddParameter): Name = "Потребление, Вт"; Value = "0,001"; VariantName = "[No Variations]"
Added Component: Designator=R2_dv_power_chanel1(SMD_0805)
Add component (AddParameter): Name = "Value"; Value = "10k"; VariantName = "[No Variations]"
Add component (AddParameter): Name = "Назначение"; Value = "SMD-резистор"; VariantName = "[No Variations]"
Add component (AddParameter): Name = "Наименование"; Value = "Резистор"; VariantName = "[No Variations]"
Add component (AddParameter): Name = "Потребление, Вт"; Value = "0,001"; VariantName = "[No Variations]"
Added Component: Designator=R2_dv_power_chanel2(SMD_0805)
Add component (AddParameter): Name = "Value"; Value = "10k"; VariantName = "[No Variations]"
Add component (AddParameter): Name = "Назначение"; Value = "SMD-резистор"; VariantName = "[No Variations]"
Add component (AddParameter): Name = "Наименование"; Value = "Резистор"; VariantName = "[No Variations]"
Add component (AddParameter): Name = "Потребление, Вт"; Value = "0,001"; VariantName = "[No Variations]"
Added Component: Designator=VD1_dv_power_chanel1(4116.4-3_offcut)
Add component (AddParameter): Name = "ComponentLink1Description"; Value = "DataSheet"; VariantName = "[No Variations]"
Add component (AddParameter): Name = "ComponentLink1URL"; Value = "https://eandc.ru/pdf/diod/2d222.pdf"; VariantName = "[No Variations]"
Add component (AddParameter): Name = "Назначение"; Value = "Сдвоенный диод"; VariantName = "[No Variations]"
Add component (AddParameter): Name = "Наименование"; Value = "2Д222ВС ОСМ"; VariantName = "[No Variations]"
Add component (AddParameter): Name = "Потребление, Вт"; Value = "0,004"; VariantName = "[No Variations]"
Added Component: Designator=VD1_dv_power_chanel2(4116.4-3_offcut)
Add component (AddParameter): Name = "ComponentLink1Description"; Value = "DataSheet"; VariantName = "[No Variations]"
Add component (AddParameter): Name = "ComponentLink1URL"; Value = "https://eandc.ru/pdf/diod/2d222.pdf"; VariantName = "[No Variations]"
Add component (AddParameter): Name = "Назначение"; Value = "Сдвоенный диод"; VariantName = "[No Variations]"
Add component (AddParameter): Name = "Наименование"; Value = "2Д222ВС ОСМ"; VariantName = "[No Variations]"
Add component (AddParameter): Name = "Потребление, Вт"; Value = "0,004"; VariantName = "[No Variations]"
Added Component: Designator=VT1_dv_power_chanel1(TO-18)
Add component (AddParameter): Name = "ComponentLink1Description"; Value = "DataSheet"; VariantName = "[No Variations]"
Add component (AddParameter): Name = "ComponentLink1URL"; Value = "https://www.integral.by/sites/default/files/pdf/2t3117.pdf"; VariantName = "[No Variations]"
Add component (AddParameter): Name = "Назначение"; Value = "Биполярный транзистор"; VariantName = "[No Variations]"
Add component (AddParameter): Name = "Наименование"; Value = "2Т3117А/ПК "ОСМ""; VariantName = "[No Variations]"
Add component (AddParameter): Name = "Потребление, Вт"; Value = "0,0"; VariantName = "[No Variations]"
Added Component: Designator=VT1_dv_power_chanel2(TO-18)
Add component (AddParameter): Name = "ComponentLink1Description"; Value = "DataSheet"; VariantName = "[No Variations]"
Add component (AddParameter): Name = "ComponentLink1URL"; Value = "https://www.integral.by/sites/default/files/pdf/2t3117.pdf"; VariantName = "[No Variations]"
Add component (AddParameter): Name = "Назначение"; Value = "Биполярный транзистор"; VariantName = "[No Variations]"
Add component (AddParameter): Name = "Наименование"; Value = "2Т3117А/ПК "ОСМ""; VariantName = "[No Variations]"
Add component (AddParameter): Name = "Потребление, Вт"; Value = "0,0"; VariantName = "[No Variations]"
Added Pin To Net: NetName=NetU1_7 Pin=C1_dv_power_chanel1-1
Added Pin To Net: NetName=NetFU4_2 Pin=C1_dv_power_chanel1-2
Added Pin To Net: NetName=NetR3_1 Pin=C1_dv_power_chanel2-1
Added Pin To Net: NetName=NetFU3_2 Pin=C1_dv_power_chanel2-2
Added Pin To Net: NetName=NetFU4_2 Pin=C2_dv_power_chanel1-1
Added Pin To Net: NetName=NetU1_7 Pin=C2_dv_power_chanel1-2
Added Pin To Net: NetName=NetFU3_2 Pin=C2_dv_power_chanel2-1
Added Pin To Net: NetName=NetR3_1 Pin=C2_dv_power_chanel2-2
Added Pin To Net: NetName=NetR1_1 Pin=C3_dv_power_chanel1-1
Added Pin To Net: NetName=pwr_m-1 Pin=C3_dv_power_chanel1-2
Added Pin To Net: NetName=NetR1_1 Pin=C3_dv_power_chanel2-1
Added Pin To Net: NetName=pwr_en_2 Pin=C3_dv_power_chanel2-2
Added Pin To Net: NetName=pwr_m-1 Pin=C4_dv_power_chanel1-1
Added Pin To Net: NetName=NetR1_1 Pin=C4_dv_power_chanel1-2
Added Pin To Net: NetName=pwr_en_2 Pin=C4_dv_power_chanel2-1
Added Pin To Net: NetName=NetR1_1 Pin=C4_dv_power_chanel2-2
Added Pin To Net: NetName=pwr_en_1 Pin=FU1_dv_power_chanel1-1
Added Pin To Net: NetName=NetFU3_1 Pin=FU1_dv_power_chanel1-2
Added Pin To Net: NetName=NetU2_7 Pin=FU1_dv_power_chanel2-1
Added Pin To Net: NetName=NetFU2_2 Pin=FU1_dv_power_chanel2-2
Added Pin To Net: NetName=pwr_en_1 Pin=FU2_dv_power_chanel1-1
Added Pin To Net: NetName=NetFU1_2 Pin=FU2_dv_power_chanel1-2
Added Pin To Net: NetName=NetU2_7 Pin=FU2_dv_power_chanel2-1
Added Pin To Net: NetName=NetFU1_1 Pin=FU2_dv_power_chanel2-2
Added Pin To Net: NetName=NetC5_2 Pin=R1_dv_power_chanel1-1
Added Pin To Net: NetName=+5V_рез Pin=R1_dv_power_chanel1-2
Added Pin To Net: NetName=NetC1_2 Pin=R1_dv_power_chanel2-1
Added Pin To Net: NetName=+5V_осн Pin=R1_dv_power_chanel2-2
Added Pin To Net: NetName=NetR1_1 Pin=R2_dv_power_chanel1-1
Added Pin To Net: NetName=+5V_рез Pin=R2_dv_power_chanel1-2
Added Pin To Net: NetName=NetR1_1 Pin=R2_dv_power_chanel2-1
Added Pin To Net: NetName=+5V_осн Pin=R2_dv_power_chanel2-2
Added Pin To Net: NetName=NetFU4_2 Pin=VD1_dv_power_chanel1-8
Added Pin To Net: NetName=NetFU3_1 Pin=VD1_dv_power_chanel1-11
Added Pin To Net: NetName=NetFU1_2 Pin=VD1_dv_power_chanel1-17
Added Pin To Net: NetName=NetFU3_2 Pin=VD1_dv_power_chanel2-8
Added Pin To Net: NetName=NetFU2_2 Pin=VD1_dv_power_chanel2-11
Added Pin To Net: NetName=NetFU1_1 Pin=VD1_dv_power_chanel2-17
Added Pin To Net: NetName=NetR1_1 Pin=VT1_dv_power_chanel1-1
Added Pin To Net: NetName=NetC5_2 Pin=VT1_dv_power_chanel1-2
Added Pin To Net: NetName=GND_reserve_ch Pin=VT1_dv_power_chanel1-3
Added Pin To Net: NetName=NetR1_1 Pin=VT1_dv_power_chanel2-1
Added Pin To Net: NetName=NetC1_2 Pin=VT1_dv_power_chanel2-2
Added Pin To Net: NetName=GND_main_ch Pin=VT1_dv_power_chanel2-3
Added Pin To Net: NetName=pwr_m-1 Pin=X2-1
Added Pin To Net: NetName=pwr_m-1 Pin=X2-2
Added Pin To Net: NetName=pwr_en_2 Pin=X2-3
Added Pin To Net: NetName=pwr_en_2 Pin=X2-4
Added Pin To Net: NetName=+5V_рез Pin=X2-17
Added Pin To Net: NetName=+5V_рез Pin=X2-18
Added Pin To Net: NetName=+5V_осн Pin=X2-19
Added Pin To Net: NetName=+5V_осн Pin=X2-20
Change Net Name : Old Net Name=+5V_осн New Net Name=pwr_en2
Change Net Name : Old Net Name=+5V_рез New Net Name=pwr_en1
Change Net Name : Old Net Name=1-ОСН-О New Net Name=1-РЕЗ-О
Change Net Name : Old Net Name=1-ОСН-П New Net Name=1-РЕЗ-П
Change Net Name : Old Net Name=1-РЕЗ-О New Net Name=1-ОСН-О
Change Net Name : Old Net Name=1-РЕЗ-П New Net Name=1-ОСН-П
Change Net Name : Old Net Name=GND_main_ch New Net Name=NetU1_dv_power_chanel2_7
Change Net Name : Old Net Name=GND_reserve_ch New Net Name=NetU1_dv_power_chanel1_7
Change Net Name : Old Net Name=NetC1_2 New Net Name=NetR1_dv_power_chanel2_1
Change Net Name : Old Net Name=NetC5_2 New Net Name=NetR1_dv_power_chanel1_1
Change Net Name : Old Net Name=NetFU1_1 New Net Name=NetFU2_dv_power_chanel2_2
Change Net Name : Old Net Name=NetFU1_2 New Net Name=NetFU2_dv_power_chanel1_2
Change Net Name : Old Net Name=NetFU2_2 New Net Name=NetFU1_dv_power_chanel2_2
Change Net Name : Old Net Name=NetFU3_1 New Net Name=NetFU1_dv_power_chanel1_2
Change Net Name : Old Net Name=NetFU3_2 New Net Name=NetC1_dv_power_chanel2_2
Change Net Name : Old Net Name=NetFU4_2 New Net Name=NetC1_dv_power_chanel1_2
Change Net Name : Old Net Name=NetR1_1 New Net Name=GND_dv_power_chanel1
Change Net Name : Old Net Name=NetR3_1 New Net Name=-27V2
Change Net Name : Old Net Name=NetU1_7 New Net Name=-27V1
Change Net Name : Old Net Name=NetU2_7 New Net Name=+27V2
Change Net Name : Old Net Name=pwr_en_1 New Net Name=+27V1
Change Net Name : Old Net Name=pwr_en_2 New Net Name=+5V2
Change Net Name : Old Net Name=pwr_m-1 New Net Name=+5V1
Change Class Name : Old Net Name=main_ch New Net Name=dv_power_chanel1
Change Class Name : Old Net Name=reserve_ch New Net Name=dv_power_chanel2
Added Class: Name=+5V[1..2]
Added Class: Name=+27V[1..2]
Added Class: Name=-27V[1..2]
Added Class: Name=pwr_en[1..2]
Added Member To Class: ClassName=dv_power_chanel1 Member=Component C1_dv_power_chanel1 (C1) 0,1мкФ
Added Member To Class: ClassName=dv_power_chanel2 Member=Component C1_dv_power_chanel2 (C1) 0,1мкФ
Added Member To Class: ClassName=dv_power_chanel1 Member=Component C2_dv_power_chanel1 (C2) 10мкФх50В
Added Member To Class: ClassName=dv_power_chanel2 Member=Component C2_dv_power_chanel2 (C2) 10мкФх50В
Added Member To Class: ClassName=dv_power_chanel1 Member=Component C3_dv_power_chanel1 (C3) 0,1мкФ
Added Member To Class: ClassName=dv_power_chanel2 Member=Component C3_dv_power_chanel2 (C3) 0,1мкФ
Added Member To Class: ClassName=dv_power_chanel1 Member=Component C4_dv_power_chanel1 (C4) 10мкФх50В
Added Member To Class: ClassName=dv_power_chanel2 Member=Component C4_dv_power_chanel2 (C4) 10мкФх50В
Added Member To Class: ClassName=dv_power_chanel1 Member=Component FU1_dv_power_chanel1 (FU1) VP1-2
Added Member To Class: ClassName=dv_power_chanel2 Member=Component FU1_dv_power_chanel2 (FU1) VP1-2
Added Member To Class: ClassName=dv_power_chanel1 Member=Component FU2_dv_power_chanel1 (FU2) VP1-2
Added Member To Class: ClassName=dv_power_chanel2 Member=Component FU2_dv_power_chanel2 (FU2) VP1-2
Added Member To Class: ClassName=dv_power_chanel1 Member=Component R1_dv_power_chanel1 (R1) 2k
Added Member To Class: ClassName=dv_power_chanel2 Member=Component R1_dv_power_chanel2 (R1) 2k
Added Member To Class: ClassName=dv_power_chanel1 Member=Component R2_dv_power_chanel1 (R2) 10k
Added Member To Class: ClassName=dv_power_chanel2 Member=Component R2_dv_power_chanel2 (R2) 10k
Added Member To Class: ClassName=dv_power_chanel1 Member=Component VD1_dv_power_chanel1 (VD1) 2D222VS "OSM"
Added Member To Class: ClassName=dv_power_chanel2 Member=Component VD1_dv_power_chanel2 (VD1) 2D222VS "OSM"
Added Member To Class: ClassName=dv_power_chanel1 Member=Component VT1_dv_power_chanel1 (VT1) 2T3117A
Added Member To Class: ClassName=dv_power_chanel2 Member=Component VT1_dv_power_chanel2 (VT1) 2T3117A
Added Room: Name=dv_power
Added Room: Name=dv_power_chanel1
Added Room: Name=dv_power_chanel2
