Removed Pin From Net: NetName=NetR7_1 Pin=R7-1
Removed Pin From Net: NetName=NetR7_1 Pin=R8_main_ch-1
Removed Pin From Net: NetName=NetR8_reserve_ch_1 Pin=R8_reserve_ch-1
Removed Pin From Net: NetName=NetR8_reserve_ch_1 Pin=R14-1
Removed Member From Class: ClassName=dv_power Member=X2
Change Component Designator: OldDesignator=R8_main_ch NewDesignator=R7_main_ch
Change Component Designator: OldDesignator=R8_reserve_ch NewDesignator=R7_reserve_ch
Change Component Designator: OldDesignator=X2 NewDesignator=X1
Added Pin To Net: NetName=GND Pin=C1-1
Added Pin To Net: NetName=GND Pin=C2-2
Added Pin To Net: NetName=GND Pin=C3-1
Added Pin To Net: NetName=GND Pin=C4-2
Added Pin To Net: NetName=GND Pin=C5-1
Added Pin To Net: NetName=GND Pin=C6-1
Added Pin To Net: NetName=GND Pin=C7-2
Added Pin To Net: NetName=GND Pin=C8-1
Added Pin To Net: NetName=GND Pin=C9-2
Added Pin To Net: NetName=GND Pin=C10-1
Added Pin To Net: NetName=GND Pin=R3-1
Added Pin To Net: NetName=GND Pin=R5-1
Added Pin To Net: NetName=NetR8_reserve_ch_1 Pin=R7-1
Added Pin To Net: NetName=NetR8_reserve_ch_1 Pin=R7_main_ch-1
Added Pin To Net: NetName=NetR7_1 Pin=R7_reserve_ch-1
Added Pin To Net: NetName=GND Pin=R10-1
Added Pin To Net: NetName=GND Pin=R12-1
Added Pin To Net: NetName=NetR7_1 Pin=R14-1
Added Pin To Net: NetName=GND Pin=U1-2
Added Pin To Net: NetName=GND Pin=U1-4
Added Pin To Net: NetName=GND Pin=U1-5
Added Pin To Net: NetName=GND Pin=U2-3
Added Pin To Net: NetName=GND Pin=U2-3
Added Pin To Net: NetName=GND Pin=U4-2
Added Pin To Net: NetName=GND Pin=U4-4
Added Pin To Net: NetName=GND Pin=U4-5
Added Pin To Net: NetName=GND Pin=U5-3
Added Pin To Net: NetName=GND Pin=U5-3
Added Pin To Net: NetName=GND_main_ch Pin=VD1_main_ch-11
Added Pin To Net: NetName=GND_main_ch Pin=VD1_main_ch-17
Added Pin To Net: NetName=GND_reserve_ch Pin=VD1_reserve_ch-11
Added Pin To Net: NetName=GND_reserve_ch Pin=VD1_reserve_ch-17
Added Pin To Net: NetName=GND Pin=VT1-1
Added Pin To Net: NetName=GND Pin=VT2-1
Change Net Name : Old Net Name=NetR7_1 New Net Name=NetR7_reserve_ch_1
Change Net Name : Old Net Name=NetR8_reserve_ch_1 New Net Name=NetR7_main_ch_1
Change Net Name : Old Net Name=NetX2_1 New Net Name=NetX1_1
Change Net Name : Old Net Name=NetX2_3 New Net Name=NetX1_3
Change Net Name : Old Net Name=NetX2_5 New Net Name=NetX1_5
Change Net Name : Old Net Name=NetX2_8 New Net Name=NetX1_8
Change Net Name : Old Net Name=NetX2_17 New Net Name=NetX1_17
Change Net Name : Old Net Name=NetX2_19 New Net Name=NetX1_19
Change Net Name : Old Net Name=NetX2_21 New Net Name=NetX1_21
Added Member To Class: ClassName=dv_power Member=Component X1 (X2) Header 2X20
