Removed Pin From Net: NetName=NetFU3_2 Pin=R8-2
Removed Pin From Net: NetName=NetFU3_2 Pin=U5-10
Removed Pin From Net: NetName=NetFU3_2 Pin=U5-10
Removed Pin From Net: NetName=NetFU3_1 Pin=VD1_reserve_ch-8
Removed Pin From Net: NetName=NetFU3_1 Pin=X1-4
Change Component Designator: OldDesignator=C1 NewDesignator=C1_main_ch
Change Component Designator: OldDesignator=C2 NewDesignator=C2_main_ch
Change Component Designator: OldDesignator=C3 NewDesignator=C3_main_ch
Change Component Designator: OldDesignator=C4 NewDesignator=C4_main_ch
Change Component Designator: OldDesignator=C5 NewDesignator=C5_main_ch
Change Component Designator: OldDesignator=C6 NewDesignator=C1_reserve_ch
Change Component Designator: OldDesignator=C7 NewDesignator=C2_reserve_ch
Change Component Designator: OldDesignator=C8 NewDesignator=C3_reserve_ch
Change Component Designator: OldDesignator=C9 NewDesignator=C4_reserve_ch
Change Component Designator: OldDesignator=C10 NewDesignator=C5_reserve_ch
Change Component Designator: OldDesignator=FU1 NewDesignator=FU1_main_ch
Change Component Designator: OldDesignator=R1 NewDesignator=R1_main_ch
Change Component Designator: OldDesignator=R2 NewDesignator=R2_main_ch
Change Component Designator: OldDesignator=R3 NewDesignator=R3_main_ch
Change Component Designator: OldDesignator=R4 NewDesignator=R4_main_ch
Change Component Designator: OldDesignator=R5 NewDesignator=R5_main_ch
Change Component Designator: OldDesignator=R6 NewDesignator=R6_main_ch
Change Component Designator: OldDesignator=R7 NewDesignator=R8_main_ch
Change Component Designator: OldDesignator=R8 NewDesignator=R1_reserve_ch
Change Component Designator: OldDesignator=R9 NewDesignator=R2_reserve_ch
Change Component Designator: OldDesignator=R10 NewDesignator=R3_reserve_ch
Change Component Designator: OldDesignator=R11 NewDesignator=R4_reserve_ch
Change Component Designator: OldDesignator=R12 NewDesignator=R5_reserve_ch
Change Component Designator: OldDesignator=R13 NewDesignator=R6_reserve_ch
Change Component Designator: OldDesignator=R14 NewDesignator=R8_reserve_ch
Change Component Designator: OldDesignator=U1 NewDesignator=U1_main_ch
Change Component Designator: OldDesignator=U2 NewDesignator=U2_main_ch
Change Component Designator: OldDesignator=U4 NewDesignator=U1_reserve_ch
Change Component Designator: OldDesignator=U5 NewDesignator=U2_reserve_ch
Change Component Designator: OldDesignator=VT1 NewDesignator=VT1_main_ch
Change Component Designator: OldDesignator=VT2 NewDesignator=VT1_reserve_ch
Change Component Designator: OldDesignator=X1 NewDesignator=X2
Added Pin To Net: NetName=GND Pin=C1_main_ch-1
Added Pin To Net: NetName=GND Pin=C1_reserve_ch-1
Added Pin To Net: NetName=GND Pin=C2_main_ch-2
Added Pin To Net: NetName=GND Pin=C2_reserve_ch-2
Added Pin To Net: NetName=GND Pin=C3_main_ch-1
Added Pin To Net: NetName=GND Pin=C3_reserve_ch-1
Added Pin To Net: NetName=GND Pin=C4_main_ch-2
Added Pin To Net: NetName=GND Pin=C4_reserve_ch-2
Added Pin To Net: NetName=GND Pin=C5_main_ch-1
Added Pin To Net: NetName=GND Pin=C5_reserve_ch-1
Added Pin To Net: NetName=NetFU3_1 Pin=R1_reserve_ch-2
Added Pin To Net: NetName=GND Pin=R3_main_ch-1
Added Pin To Net: NetName=GND Pin=R3_reserve_ch-1
Added Pin To Net: NetName=GND Pin=R5_main_ch-1
Added Pin To Net: NetName=GND Pin=R5_reserve_ch-1
Added Pin To Net: NetName=GND Pin=U1_main_ch-2
Added Pin To Net: NetName=GND Pin=U1_main_ch-4
Added Pin To Net: NetName=GND Pin=U1_main_ch-5
Added Pin To Net: NetName=GND Pin=U1_reserve_ch-2
Added Pin To Net: NetName=GND Pin=U1_reserve_ch-4
Added Pin To Net: NetName=GND Pin=U1_reserve_ch-5
Added Pin To Net: NetName=GND Pin=U2_main_ch-3
Added Pin To Net: NetName=GND Pin=U2_main_ch-3
Added Pin To Net: NetName=GND Pin=U2_reserve_ch-3
Added Pin To Net: NetName=GND Pin=U2_reserve_ch-3
Added Pin To Net: NetName=NetFU3_1 Pin=U2_reserve_ch-10
Added Pin To Net: NetName=NetFU3_1 Pin=U2_reserve_ch-10
Added Pin To Net: NetName=GND_main_ch Pin=VD1_main_ch-11
Added Pin To Net: NetName=GND_main_ch Pin=VD1_main_ch-17
Added Pin To Net: NetName=NetFU3_2 Pin=VD1_reserve_ch-8
Added Pin To Net: NetName=GND_reserve_ch Pin=VD1_reserve_ch-11
Added Pin To Net: NetName=GND_reserve_ch Pin=VD1_reserve_ch-17
Added Pin To Net: NetName=GND Pin=VT1_main_ch-1
Added Pin To Net: NetName=GND Pin=VT1_reserve_ch-1
Added Pin To Net: NetName=NetFU3_2 Pin=X1-4
Change Net Name : Old Net Name=NetC1_2 New Net Name=NetC1_main_ch_2
Change Net Name : Old Net Name=NetC5_2 New Net Name=NetC5_main_ch_2
Change Net Name : Old Net Name=NetC6_2 New Net Name=NetC1_reserve_ch_2
Change Net Name : Old Net Name=NetC10_2 New Net Name=NetC5_reserve_ch_2
Change Net Name : Old Net Name=NetFU1_1 New Net Name=NetFU1_main_ch_1
Change Net Name : Old Net Name=NetFU1_2 New Net Name=NetFU1_main_ch_2
Change Net Name : Old Net Name=NetFU3_1 New Net Name=NetFU1_reserve_ch_2
Change Net Name : Old Net Name=NetFU3_2 New Net Name=NetFU1_reserve_ch_1
Change Net Name : Old Net Name=NetR4_1 New Net Name=NetR4_main_ch_1
Change Net Name : Old Net Name=NetR6_2 New Net Name=NetR6_main_ch_2
Change Net Name : Old Net Name=NetR11_1 New Net Name=NetR4_reserve_ch_1
Change Net Name : Old Net Name=NetR13_2 New Net Name=NetR6_reserve_ch_2
Change Net Name : Old Net Name=NetU1_7 New Net Name=NetU1_main_ch_7
Change Net Name : Old Net Name=NetU4_7 New Net Name=NetU1_reserve_ch_7
Added Member To Class: ClassName=dv_power Member=Component X2 Header 2X20
