Change Component Physical Designator: Old Designator=C1_dv_power_chanel1 New Designator=C1
Change Component Physical Designator: Old Designator=C1_dv_power_chanel2 New Designator=C5
Change Component Physical Designator: Old Designator=C2_dv_power_chanel1 New Designator=C2
Change Component Physical Designator: Old Designator=C2_dv_power_chanel2 New Designator=C6
Change Component Physical Designator: Old Designator=C3_dv_power_chanel1 New Designator=C3
Change Component Physical Designator: Old Designator=C3_dv_power_chanel2 New Designator=C7
Change Component Physical Designator: Old Designator=C4_dv_power_chanel1 New Designator=C4
Change Component Physical Designator: Old Designator=C4_dv_power_chanel2 New Designator=C8
Change Component Physical Designator: Old Designator=FU1_dv_power_chanel1 New Designator=FU1
Change Component Physical Designator: Old Designator=FU1_dv_power_chanel2 New Designator=FU3
Change Component Physical Designator: Old Designator=FU2_dv_power_chanel1 New Designator=FU2
Change Component Physical Designator: Old Designator=FU2_dv_power_chanel2 New Designator=FU4
Change Component Physical Designator: Old Designator=R1_dv_power_chanel1 New Designator=R1
Change Component Physical Designator: Old Designator=R1_dv_power_chanel2 New Designator=R3
Change Component Physical Designator: Old Designator=R2_dv_power_chanel1 New Designator=R2
Change Component Physical Designator: Old Designator=R2_dv_power_chanel2 New Designator=R4
Change Component Physical Designator: Old Designator=U1_dv_power_chanel1 New Designator=U1
Change Component Physical Designator: Old Designator=U1_dv_power_chanel2 New Designator=U2
Change Component Physical Designator: Old Designator=VD1_dv_power_chanel1 New Designator=VD1
Change Component Physical Designator: Old Designator=VD1_dv_power_chanel2 New Designator=VD2
Change Component Physical Designator: Old Designator=VT1_dv_power_chanel1 New Designator=VT1
Change Component Physical Designator: Old Designator=VT1_dv_power_chanel2 New Designator=VT2
Change Component Physical Designator: Old Designator=X2 New Designator=X1
