Removed Pin From Net: NetName=NetC3_1 Pin=C3-1
Removed Pin From Net: NetName=NetC3_1 Pin=C4-2
Removed Pin From Net: NetName=GND_main_ch Pin=C5-2
Removed Pin From Net: NetName=GND_reserve_ch Pin=C10-1
Removed Pin From Net: NetName=GND_main_ch Pin=R3-2
Removed Pin From Net: NetName=GND_main_ch Pin=R6-1
Removed Pin From Net: NetName=GND_reserve_ch Pin=R10-1
Removed Pin From Net: NetName=GND_reserve_ch Pin=R12-1
Removed Pin From Net: NetName=NetC3_1 Pin=U1-4
Removed Pin From Net: NetName=GND_main_ch Pin=U2-7
Removed Pin From Net: NetName=GND_main_ch Pin=U2-7
Removed Pin From Net: NetName=GND_reserve_ch Pin=U4-5
Removed Pin From Net: NetName=GND_reserve_ch Pin=U5-3
Removed Pin From Net: NetName=GND_reserve_ch Pin=U5-3
Removed Pin From Net: NetName=GND_reserve_ch Pin=VT2-1
Change Component Designator: OldDesignator=X? NewDesignator=X2
Change component parameters: Designator = "U1" ("U1"); Footprint = "SLH28xx"; UniqueID = "\OUJWWDCM\MWROFURG" ("\OUJWWDCM\MWROFURG")
Change component parameters (AddParameter): Name = "ComponentLink1Description"; Value = "DataSheet"; VariantName = "[No Variations]"
Change component parameters (AddParameter): Name = "ComponentLink1URL"; Value = "https://www.interpoint.com/product_documents/SLH_Space_DC_DC_Converters.pdf"; VariantName = "[No Variations]"
Change component parameters (AddParameter): Name = "Назначение"; Value = "DC-DC преобразователь"; VariantName = "[No Variations]"
Change component parameters (AddParameter): Name = "Потребление, Вт"; Value = "0.1"; VariantName = "[No Variations]"
Change component parameters: Designator = "U4" ("U1"); Footprint = "SLH28xx"; UniqueID = "\NRCVKQLI\MWROFURG" ("\NRCVKQLI\MWROFURG")
Change component parameters (AddParameter): Name = "ComponentLink1Description"; Value = "DataSheet"; VariantName = "[No Variations]"
Change component parameters (AddParameter): Name = "ComponentLink1URL"; Value = "https://www.interpoint.com/product_documents/SLH_Space_DC_DC_Converters.pdf"; VariantName = "[No Variations]"
Change component parameters (AddParameter): Name = "Назначение"; Value = "DC-DC преобразователь"; VariantName = "[No Variations]"
Change component parameters (AddParameter): Name = "Потребление, Вт"; Value = "0.1"; VariantName = "[No Variations]"
Added Component: Designator=FU2(VP1-2)
Add component (AddParameter): Name = "ComponentLink1Description"; Value = "DataSheet"; VariantName = "[No Variations]"
Add component (AddParameter): Name = "ComponentLink1URL"; Value = "https://docviewer.yandex.ru/view/20572601/?page=1&*=oYyHA%2BCwzeyRvrmOJV6%2ByaBlbHJ7InVybCI6Imh0dHBzOi8vZWwtcmEucnUvdXBsb2FkL2libG9jay8wMTYvdnN0YXZrYS1wbGF2a2EtdnAxXzItX2VsZWt0cm9uaWthX3JhXy5wZGYiLCJ0aXRsZSI6InZzdGF2a2EtcGxhdmthLXZwMV8yLV9lbGVrdHJvbmlrYV9yYV8ucGRmIiwibm9pZnJhbWUiOnRydWUsInVpZCI6IjIwNTcyNjAxIiwidHMiOjE1OTI0NzI0NTM1MTUsInl1IjoiODg5MDYxMzMxNTQzMzg3MTIxIiwic2VycFBhcmFtcyI6Imxhbmc9cnUmdG09MTU5MjQ3MjQyOCZ0bGQ9cnUmbmFtZT12c3RhdmthLXBsYXZrYS12cDFfMi1fZWxla3Ryb25pa2FfcmFfLnBkZiZ0ZXh0PSVEMCVCMiVEMCVCRjEtMiZ1cmw9aHR0cHMlM0EvL2VsLXJhLnJ1L3VwbG9hZC9pYmxvY2svMDE2L3ZzdGF2a2EtcGxhdmthLXZwMV8yLV9lbGVrdHJvbmlrYV9yYV8ucGRmJmxyPTY1Jm1pbWU9cGRmJmwxMG49cnUmc2lnbj0yZWMwNDRiZDQyMGRlMjRmMjI1MThkNTc4YjZlMTlkYiZrZXlubz0wIn0%3D&lang=ru"; VariantName = "[No Variations]"
Add component (AddParameter): Name = "Value"; Value = "2A"; VariantName = "[No Variations]"
Add component (AddParameter): Name = "Назначение"; Value = "Предохранитель плавкий"; VariantName = "[No Variations]"
Add component (AddParameter): Name = "Наименование"; Value = "ВП1-2 "ВП""; VariantName = "[No Variations]"
Added Component: Designator=FU3(VP1-2)
Add component (AddParameter): Name = "ComponentLink1Description"; Value = "DataSheet"; VariantName = "[No Variations]"
Add component (AddParameter): Name = "ComponentLink1URL"; Value = "https://docviewer.yandex.ru/view/20572601/?page=1&*=oYyHA%2BCwzeyRvrmOJV6%2ByaBlbHJ7InVybCI6Imh0dHBzOi8vZWwtcmEucnUvdXBsb2FkL2libG9jay8wMTYvdnN0YXZrYS1wbGF2a2EtdnAxXzItX2VsZWt0cm9uaWthX3JhXy5wZGYiLCJ0aXRsZSI6InZzdGF2a2EtcGxhdmthLXZwMV8yLV9lbGVrdHJvbmlrYV9yYV8ucGRmIiwibm9pZnJhbWUiOnRydWUsInVpZCI6IjIwNTcyNjAxIiwidHMiOjE1OTI0NzI0NTM1MTUsInl1IjoiODg5MDYxMzMxNTQzMzg3MTIxIiwic2VycFBhcmFtcyI6Imxhbmc9cnUmdG09MTU5MjQ3MjQyOCZ0bGQ9cnUmbmFtZT12c3RhdmthLXBsYXZrYS12cDFfMi1fZWxla3Ryb25pa2FfcmFfLnBkZiZ0ZXh0PSVEMCVCMiVEMCVCRjEtMiZ1cmw9aHR0cHMlM0EvL2VsLXJhLnJ1L3VwbG9hZC9pYmxvY2svMDE2L3ZzdGF2a2EtcGxhdmthLXZwMV8yLV9lbGVrdHJvbmlrYV9yYV8ucGRmJmxyPTY1Jm1pbWU9cGRmJmwxMG49cnUmc2lnbj0yZWMwNDRiZDQyMGRlMjRmMjI1MThkNTc4YjZlMTlkYiZrZXlubz0wIn0%3D&lang=ru"; VariantName = "[No Variations]"
Add component (AddParameter): Name = "Value"; Value = "2A"; VariantName = "[No Variations]"
Add component (AddParameter): Name = "Назначение"; Value = "Предохранитель плавкий"; VariantName = "[No Variations]"
Add component (AddParameter): Name = "Наименование"; Value = "ВП1-2 "ВП""; VariantName = "[No Variations]"
Added Component: Designator=U3(MSOP-8)
Add component (AddParameter): Name = "ComponentLink1Description"; Value = "DataSheet"; VariantName = "[No Variations]"
Add component (AddParameter): Name = "ComponentLink1URL"; Value = "https://www.analog.com/media/en/technical-documentation/data-sheets/AD8212.pdf"; VariantName = "[No Variations]"
Add component (AddParameter): Name = "Назначение"; Value = "Токовый датчик"; VariantName = "[No Variations]"
Add component (AddParameter): Name = "Наименование"; Value = "AD8212"; VariantName = "[No Variations]"
Add component (AddParameter): Name = "Потребление, Вт"; Value = "0,005"; VariantName = "[No Variations]"
Added Component: Designator=U6(MSOP-8)
Add component (AddParameter): Name = "ComponentLink1Description"; Value = "DataSheet"; VariantName = "[No Variations]"
Add component (AddParameter): Name = "ComponentLink1URL"; Value = "https://www.analog.com/media/en/technical-documentation/data-sheets/AD8212.pdf"; VariantName = "[No Variations]"
Add component (AddParameter): Name = "Назначение"; Value = "Токовый датчик"; VariantName = "[No Variations]"
Add component (AddParameter): Name = "Наименование"; Value = "AD8212"; VariantName = "[No Variations]"
Add component (AddParameter): Name = "Потребление, Вт"; Value = "0,005"; VariantName = "[No Variations]"
Added Pin To Net: NetName=GND_main_ch Pin=C1-1
Added Pin To Net: NetName=GND_main_ch Pin=C2-2
Added Pin To Net: NetName=GND_main_ch Pin=C3-1
Added Pin To Net: NetName=NetC1_1 Pin=C3-1
Added Pin To Net: NetName=GND_main_ch Pin=C4-2
Added Pin To Net: NetName=NetC1_1 Pin=C4-2
Added Pin To Net: NetName=NetC1_1 Pin=C5-1
Added Pin To Net: NetName=NetC3_1 Pin=C5-2
Added Pin To Net: NetName=GND_main_ch Pin=C6-1
Added Pin To Net: NetName=NetC8_1 Pin=C6-1
Added Pin To Net: NetName=GND_main_ch Pin=C7-2
Added Pin To Net: NetName=NetC8_1 Pin=C7-2
Added Pin To Net: NetName=GND_main_ch Pin=C8-1
Added Pin To Net: NetName=GND_main_ch Pin=C9-2
Added Pin To Net: NetName=GND_main_ch Pin=C10-1
Added Pin To Net: NetName=NetC8_1 Pin=C10-1
Added Pin To Net: NetName=NetFU1_1 Pin=FU2-1
Added Pin To Net: NetName=NetFU1_2 Pin=FU2-2
Added Pin To Net: NetName=NetFU3_1 Pin=FU3-1
Added Pin To Net: NetName=NetFU3_2 Pin=FU3-2
Added Pin To Net: NetName=NetC1_1 Pin=R3-1
Added Pin To Net: NetName=NetC3_1 Pin=R3-2
Added Pin To Net: NetName=NetC1_1 Pin=R5-1
Added Pin To Net: NetName=NetC3_1 Pin=R6-1
Added Pin To Net: NetName=GND_main_ch Pin=R10-1
Added Pin To Net: NetName=NetC8_1 Pin=R10-1
Added Pin To Net: NetName=GND_main_ch Pin=R12-1
Added Pin To Net: NetName=NetC8_1 Pin=R12-1
Added Pin To Net: NetName=GND_main_ch Pin=U1-2
Added Pin To Net: NetName=GND_main_ch Pin=U1-4
Added Pin To Net: NetName=NetC1_1 Pin=U1-4
Added Pin To Net: NetName=NetC1_1 Pin=U1-5
Added Pin To Net: NetName=NetC1_1 Pin=U2-3
Added Pin To Net: NetName=NetC1_1 Pin=U2-3
Added Pin To Net: NetName=NetC3_1 Pin=U2-7
Added Pin To Net: NetName=NetC3_1 Pin=U2-7
Added Pin To Net: NetName=NetFU1_2 Pin=U3-1
Added Pin To Net: NetName=Alpha_main_ch Pin=U3-2
Added Pin To Net: NetName=GND_main_ch Pin=U3-3
Added Pin To Net: NetName=NetC1_1 Pin=U3-3
Added Pin To Net: NetName=NetR7_1 Pin=U3-5
Added Pin To Net: NetName=Alpha_main_ch Pin=U3-6
Added Pin To Net: NetName=+27V_A_main_ch Pin=U3-8
Added Pin To Net: NetName=GND_main_ch Pin=U4-2
Added Pin To Net: NetName=NetC8_1 Pin=U4-2
Added Pin To Net: NetName=GND_main_ch Pin=U4-4
Added Pin To Net: NetName=GND_main_ch Pin=U4-5
Added Pin To Net: NetName=NetC8_1 Pin=U4-5
Added Pin To Net: NetName=GND_main_ch Pin=U5-3
Added Pin To Net: NetName=GND_main_ch Pin=U5-3
Added Pin To Net: NetName=NetC8_1 Pin=U5-3
Added Pin To Net: NetName=NetC8_1 Pin=U5-3
Added Pin To Net: NetName=NetFU3_2 Pin=U6-1
Added Pin To Net: NetName=Alpha_reserve_ch Pin=U6-2
Added Pin To Net: NetName=GND_main_ch Pin=U6-3
Added Pin To Net: NetName=NetC8_1 Pin=U6-3
Added Pin To Net: NetName=NetR14_1 Pin=U6-5
Added Pin To Net: NetName=Alpha_reserve_ch Pin=U6-6
Added Pin To Net: NetName=+27V_A_reserve_ch Pin=U6-8
Added Pin To Net: NetName=NetC1_1 Pin=VT1-1
Added Pin To Net: NetName=GND_main_ch Pin=VT2-1
Added Pin To Net: NetName=NetC8_1 Pin=VT2-1
Change Net Name : Old Net Name=GND_reserve_ch New Net Name=NetC10_2
Change Net Name : Old Net Name=NetC1_1 New Net Name=GND_main_ch
Change Net Name : Old Net Name=NetC3_1 New Net Name=NetC5_2
Change Net Name : Old Net Name=NetC8_1 New Net Name=GND_reserve_ch
Change Net Name : Old Net Name=NetX?_1 New Net Name=NetX2_1
Change Net Name : Old Net Name=NetX?_3 New Net Name=NetX2_3
Change Net Name : Old Net Name=NetX?_18 New Net Name=NetX2_18
Change Net Name : Old Net Name=NetX?_21 New Net Name=NetX2_21
Change Net Color : Old Net Color=RGB(158, 161, 117) New Net Color=RGB(110, 255, 255)
Change Net Color : Old Net Color=RGB(158, 161, 117) New Net Color=RGB(255, 110, 255)
Change Net Color : Old Net Color=RGB(158, 161, 117) New Net Color=RGB(110, 255, 255)
Change Net Color : Old Net Color=RGB(158, 161, 117) New Net Color=RGB(255, 110, 255)
Change Net Color : Old Net Color=RGB(158, 161, 117) New Net Color=RGB(255, 110, 255)
Change Net Color : Old Net Color=RGB(158, 161, 117) New Net Color=RGB(255, 110, 255)
Change Net Color : Old Net Color=RGB(255, 110, 255) New Net Color=Default
Change Net Color : Old Net Color=RGB(255, 110, 255) New Net Color=Default
Change Net Color : Old Net Color=Yellow New Net Color=Default
Added Member To Class: ClassName=main_ch Member=Component FU2 VP1-2
Added Member To Class: ClassName=reserve_ch Member=Component FU3 (FU1) VP1-2
Added Member To Class: ClassName=main_ch Member=Component U3 AD8212
Added Member To Class: ClassName=reserve_ch Member=Component U6 (U3) AD8212
