Removed Pin From Net: NetName=NetFU1_reserve_ch_2 Pin=R1_reserve_ch-2
Removed Pin From Net: NetName=NetR7_main_ch_1 Pin=R7_main_ch-1
Removed Pin From Net: NetName=NetR7_reserve_ch_1 Pin=R7_reserve_ch-1
Removed Pin From Net: NetName=NetR7_main_ch_1 Pin=R8_main_ch-1
Removed Pin From Net: NetName=NetR7_reserve_ch_1 Pin=R8_reserve_ch-1
Removed Pin From Net: NetName=NetFU1_reserve_ch_2 Pin=U2_reserve_ch-10
Removed Pin From Net: NetName=NetFU1_reserve_ch_2 Pin=U2_reserve_ch-10
Removed Pin From Net: NetName=NetFU1_reserve_ch_1 Pin=VD1_reserve_ch-8
Removed Pin From Net: NetName=NetFU1_reserve_ch_1 Pin=X1-4
Change Component Designator: OldDesignator=C1_main_ch NewDesignator=C1
Change Component Designator: OldDesignator=C1_reserve_ch NewDesignator=C6
Change Component Designator: OldDesignator=C2_main_ch NewDesignator=C2
Change Component Designator: OldDesignator=C2_reserve_ch NewDesignator=C7
Change Component Designator: OldDesignator=C3_main_ch NewDesignator=C3
Change Component Designator: OldDesignator=C3_reserve_ch NewDesignator=C8
Change Component Designator: OldDesignator=C4_main_ch NewDesignator=C4
Change Component Designator: OldDesignator=C4_reserve_ch NewDesignator=C9
Change Component Designator: OldDesignator=C5_main_ch NewDesignator=C5
Change Component Designator: OldDesignator=C5_reserve_ch NewDesignator=C10
Change Component Designator: OldDesignator=FU1_main_ch NewDesignator=FU1
Change Component Designator: OldDesignator=R1_main_ch NewDesignator=R1
Change Component Designator: OldDesignator=R1_reserve_ch NewDesignator=R9
Change Component Designator: OldDesignator=R2_main_ch NewDesignator=R2
Change Component Designator: OldDesignator=R2_reserve_ch NewDesignator=R10
Change Component Designator: OldDesignator=R3_main_ch NewDesignator=R3
Change Component Designator: OldDesignator=R3_reserve_ch NewDesignator=R11
Change Component Designator: OldDesignator=R4_main_ch NewDesignator=R4
Change Component Designator: OldDesignator=R4_reserve_ch NewDesignator=R12
Change Component Designator: OldDesignator=R5_main_ch NewDesignator=R5
Change Component Designator: OldDesignator=R5_reserve_ch NewDesignator=R13
Change Component Designator: OldDesignator=R6_main_ch NewDesignator=R6
Change Component Designator: OldDesignator=R6_reserve_ch NewDesignator=R14
Change Component Designator: OldDesignator=R7_main_ch NewDesignator=R7
Change Component Designator: OldDesignator=R7_reserve_ch NewDesignator=R15
Change Component Designator: OldDesignator=R8_main_ch NewDesignator=R8
Change Component Designator: OldDesignator=R8_reserve_ch NewDesignator=R16
Change Component Designator: OldDesignator=U1_main_ch NewDesignator=U1
Change Component Designator: OldDesignator=U1_reserve_ch NewDesignator=U4
Change Component Designator: OldDesignator=U2_main_ch NewDesignator=U2
Change Component Designator: OldDesignator=U2_reserve_ch NewDesignator=U5
Change Component Designator: OldDesignator=VD1_main_ch NewDesignator=VD1
Change Component Designator: OldDesignator=VD1_reserve_ch NewDesignator=VD2
Change Component Designator: OldDesignator=VT1_main_ch NewDesignator=VT1
Change Component Designator: OldDesignator=VT1_reserve_ch NewDesignator=VT2
Added Pin To Net: NetName=GND_main_ch Pin=C1-1
Added Pin To Net: NetName=GND_main_ch Pin=C2-2
Added Pin To Net: NetName=GND_main_ch Pin=C3-1
Added Pin To Net: NetName=GND_main_ch Pin=C4-2
Added Pin To Net: NetName=GND_main_ch Pin=C5-1
Added Pin To Net: NetName=GND_reserve_ch Pin=C6-1
Added Pin To Net: NetName=GND_reserve_ch Pin=C7-2
Added Pin To Net: NetName=GND_reserve_ch Pin=C8-1
Added Pin To Net: NetName=GND_reserve_ch Pin=C9-2
Added Pin To Net: NetName=GND_reserve_ch Pin=C10-1
Added Pin To Net: NetName=GND_main_ch Pin=R3-1
Added Pin To Net: NetName=GND_main_ch Pin=R5-1
Added Pin To Net: NetName=NetFU1_reserve_ch_2 Pin=R7-1
Added Pin To Net: NetName=NetFU1_reserve_ch_2 Pin=R8-1
Added Pin To Net: NetName=NetR7_main_ch_1 Pin=R9-2
Added Pin To Net: NetName=GND_reserve_ch Pin=R11-1
Added Pin To Net: NetName=GND_reserve_ch Pin=R13-1
Added Pin To Net: NetName=NetFU1_reserve_ch_1 Pin=R15-1
Added Pin To Net: NetName=NetFU1_reserve_ch_1 Pin=R16-1
Added Pin To Net: NetName=GND_main_ch Pin=U1-2
Added Pin To Net: NetName=GND_main_ch Pin=U1-4
Added Pin To Net: NetName=GND_main_ch Pin=U1-5
Added Pin To Net: NetName=GND_main_ch Pin=U2-3
Added Pin To Net: NetName=GND_main_ch Pin=U2-3
Added Pin To Net: NetName=GND_reserve_ch Pin=U4-2
Added Pin To Net: NetName=GND_reserve_ch Pin=U4-4
Added Pin To Net: NetName=GND_reserve_ch Pin=U4-5
Added Pin To Net: NetName=GND_reserve_ch Pin=U5-3
Added Pin To Net: NetName=GND_reserve_ch Pin=U5-3
Added Pin To Net: NetName=NetR7_main_ch_1 Pin=U5-10
Added Pin To Net: NetName=NetR7_main_ch_1 Pin=U5-10
Added Pin To Net: NetName=GND Pin=VD1-11
Added Pin To Net: NetName=GND Pin=VD1-17
Added Pin To Net: NetName=NetR7_reserve_ch_1 Pin=VD2-8
Added Pin To Net: NetName=GND Pin=VD2-11
Added Pin To Net: NetName=GND Pin=VD2-17
Added Pin To Net: NetName=GND_main_ch Pin=VT1-1
Added Pin To Net: NetName=GND_reserve_ch Pin=VT2-1
Added Pin To Net: NetName=NetR7_reserve_ch_1 Pin=X1-4
Change Net Name : Old Net Name=NetC1_main_ch_2 New Net Name=NetC1_2
Change Net Name : Old Net Name=NetC1_reserve_ch_2 New Net Name=NetC6_2
Change Net Name : Old Net Name=NetC5_main_ch_2 New Net Name=NetC5_2
Change Net Name : Old Net Name=NetC5_reserve_ch_2 New Net Name=NetC10_2
Change Net Name : Old Net Name=NetFU1_main_ch_1 New Net Name=NetFU1_1
Change Net Name : Old Net Name=NetFU1_main_ch_2 New Net Name=NetFU1_2
Change Net Name : Old Net Name=NetFU1_reserve_ch_1 New Net Name=NetR15_1
Change Net Name : Old Net Name=NetFU1_reserve_ch_2 New Net Name=NetR7_1
Change Net Name : Old Net Name=NetR4_main_ch_1 New Net Name=NetR4_1
Change Net Name : Old Net Name=NetR4_reserve_ch_1 New Net Name=NetR12_1
Change Net Name : Old Net Name=NetR6_main_ch_2 New Net Name=NetR6_2
Change Net Name : Old Net Name=NetR6_reserve_ch_2 New Net Name=NetR14_2
Change Net Name : Old Net Name=NetR7_main_ch_1 New Net Name=NetFU2_2
Change Net Name : Old Net Name=NetR7_reserve_ch_1 New Net Name=NetFU2_1
Change Net Name : Old Net Name=NetU1_main_ch_7 New Net Name=NetU1_7
Change Net Name : Old Net Name=NetU1_reserve_ch_7 New Net Name=NetU4_7
Added Member To Class: ClassName=dv_power Member=Component X1 3401 029 01B 31S FR136, MDM
