Removed Pin From Net: NetName=GND_main_ch Pin=C5-1
Removed Pin From Net: NetName=GND_reserve_ch Pin=C10-1
Removed Pin From Net: NetName=+27V_A_main_ch Pin=R1-1
Removed Pin From Net: NetName=NetFU1_2 Pin=R1-2
Removed Pin From Net: NetName=NetC1_2 Pin=R2-1
Removed Pin From Net: NetName=+27V_A_main_ch Pin=R2-2
Removed Pin From Net: NetName=GND_main_ch Pin=R3-1
Removed Pin From Net: NetName=pwr_m-1 Pin=R8-2
Removed Pin From Net: NetName=+27V_A_reserve_ch Pin=R9-1
Removed Pin From Net: NetName=NetFU2_2 Pin=R9-2
Removed Pin From Net: NetName=NetC6_2 Pin=R10-1
Removed Pin From Net: NetName=+27V_A_reserve_ch Pin=R10-2
Removed Pin From Net: NetName=GND_reserve_ch Pin=R11-1
Removed Pin From Net: NetName=pwr_m-2 Pin=R16-2
Removed Pin From Net: NetName=+27V_A_main_ch Pin=U2-1
Removed Pin From Net: NetName=+27V_A_main_ch Pin=U2-1
Removed Pin From Net: NetName=GND_main_ch Pin=U2-3
Removed Pin From Net: NetName=GND_main_ch Pin=U2-3
Removed Pin From Net: NetName=NetFU1_2 Pin=U2-10
Removed Pin From Net: NetName=NetFU1_2 Pin=U2-10
Removed Pin From Net: NetName=+27V_A_reserve_ch Pin=U5-1
Removed Pin From Net: NetName=+27V_A_reserve_ch Pin=U5-1
Removed Pin From Net: NetName=GND_reserve_ch Pin=U5-3
Removed Pin From Net: NetName=GND_reserve_ch Pin=U5-3
Removed Pin From Net: NetName=NetFU2_2 Pin=U5-10
Removed Pin From Net: NetName=NetFU2_2 Pin=U5-10
Removed Member From Class: ClassName=main_ch Member=C5
Removed Member From Class: ClassName=reserve_ch Member=C10
Removed Member From Class: ClassName=main_ch Member=R1
Removed Member From Class: ClassName=main_ch Member=R2
Removed Member From Class: ClassName=main_ch Member=R3
Removed Member From Class: ClassName=main_ch Member=R6
Removed Member From Class: ClassName=main_ch Member=R7
Removed Member From Class: ClassName=main_ch Member=R8
Removed Member From Class: ClassName=reserve_ch Member=R9
Removed Member From Class: ClassName=reserve_ch Member=R10
Removed Member From Class: ClassName=reserve_ch Member=R11
Removed Member From Class: ClassName=reserve_ch Member=R14
Removed Member From Class: ClassName=reserve_ch Member=R15
Removed Member From Class: ClassName=reserve_ch Member=R16
Removed Member From Class: ClassName=main_ch Member=U2
Removed Member From Class: ClassName=reserve_ch Member=U5
Added Component: Designator=FU?_main_ch(VP1-2)
Add component (AddParameter): Name = "ComponentLink1Description"; Value = "DataSheet"; VariantName = "[No Variations]"
Add component (AddParameter): Name = "ComponentLink1URL"; Value = "https://docviewer.yandex.ru/view/20572601/?page=1&*=oYyHA%2BCwzeyRvrmOJV6%2ByaBlbHJ7InVybCI6Imh0dHBzOi8vZWwtcmEucnUvdXBsb2FkL2libG9jay8wMTYvdnN0YXZrYS1wbGF2a2EtdnAxXzItX2VsZWt0cm9uaWthX3JhXy5wZGYiLCJ0aXRsZSI6InZzdGF2a2EtcGxhdmthLXZwMV8yLV9lbGVrdHJvbmlrYV9yYV8ucGRmIiwibm9pZnJhbWUiOnRydWUsInVpZCI6IjIwNTcyNjAxIiwidHMiOjE1OTI0NzI0NTM1MTUsInl1IjoiODg5MDYxMzMxNTQzMzg3MTIxIiwic2VycFBhcmFtcyI6Imxhbmc9cnUmdG09MTU5MjQ3MjQyOCZ0bGQ9cnUmbmFtZT12c3RhdmthLXBsYXZrYS12cDFfMi1fZWxla3Ryb25pa2FfcmFfLnBkZiZ0ZXh0PSVEMCVCMiVEMCVCRjEtMiZ1cmw9aHR0cHMlM0EvL2VsLXJhLnJ1L3VwbG9hZC9pYmxvY2svMDE2L3ZzdGF2a2EtcGxhdmthLXZwMV8yLV9lbGVrdHJvbmlrYV9yYV8ucGRmJmxyPTY1Jm1pbWU9cGRmJmwxMG49cnUmc2lnbj0yZWMwNDRiZDQyMGRlMjRmMjI1MThkNTc4YjZlMTlkYiZrZXlubz0wIn0%3D&lang=ru"; VariantName = "[No Variations]"
Add component (AddParameter): Name = "Value"; Value = "0.25A"; VariantName = "[No Variations]"
Add component (AddParameter): Name = "Назначение"; Value = "Предохранитель плавкий"; VariantName = "[No Variations]"
Add component (AddParameter): Name = "Наименование"; Value = "ВП1-2 "ВП""; VariantName = "[No Variations]"
Added Component: Designator=FU?_reserve_ch(VP1-2)
Add component (AddParameter): Name = "ComponentLink1Description"; Value = "DataSheet"; VariantName = "[No Variations]"
Add component (AddParameter): Name = "ComponentLink1URL"; Value = "https://docviewer.yandex.ru/view/20572601/?page=1&*=oYyHA%2BCwzeyRvrmOJV6%2ByaBlbHJ7InVybCI6Imh0dHBzOi8vZWwtcmEucnUvdXBsb2FkL2libG9jay8wMTYvdnN0YXZrYS1wbGF2a2EtdnAxXzItX2VsZWt0cm9uaWthX3JhXy5wZGYiLCJ0aXRsZSI6InZzdGF2a2EtcGxhdmthLXZwMV8yLV9lbGVrdHJvbmlrYV9yYV8ucGRmIiwibm9pZnJhbWUiOnRydWUsInVpZCI6IjIwNTcyNjAxIiwidHMiOjE1OTI0NzI0NTM1MTUsInl1IjoiODg5MDYxMzMxNTQzMzg3MTIxIiwic2VycFBhcmFtcyI6Imxhbmc9cnUmdG09MTU5MjQ3MjQyOCZ0bGQ9cnUmbmFtZT12c3RhdmthLXBsYXZrYS12cDFfMi1fZWxla3Ryb25pa2FfcmFfLnBkZiZ0ZXh0PSVEMCVCMiVEMCVCRjEtMiZ1cmw9aHR0cHMlM0EvL2VsLXJhLnJ1L3VwbG9hZC9pYmxvY2svMDE2L3ZzdGF2a2EtcGxhdmthLXZwMV8yLV9lbGVrdHJvbmlrYV9yYV8ucGRmJmxyPTY1Jm1pbWU9cGRmJmwxMG49cnUmc2lnbj0yZWMwNDRiZDQyMGRlMjRmMjI1MThkNTc4YjZlMTlkYiZrZXlubz0wIn0%3D&lang=ru"; VariantName = "[No Variations]"
Add component (AddParameter): Name = "Value"; Value = "0.25A"; VariantName = "[No Variations]"
Add component (AddParameter): Name = "Назначение"; Value = "Предохранитель плавкий"; VariantName = "[No Variations]"
Add component (AddParameter): Name = "Наименование"; Value = "ВП1-2 "ВП""; VariantName = "[No Variations]"
Added Component: Designator=VD?_main_ch(4116.4-3_offcut)
Add component (AddParameter): Name = "ComponentLink1Description"; Value = "DataSheet"; VariantName = "[No Variations]"
Add component (AddParameter): Name = "ComponentLink1URL"; Value = "https://eandc.ru/pdf/diod/2d222.pdf"; VariantName = "[No Variations]"
Add component (AddParameter): Name = "Назначение"; Value = "Сдвоенный диод"; VariantName = "[No Variations]"
Add component (AddParameter): Name = "Наименование"; Value = "2Д222ВС ОСМ"; VariantName = "[No Variations]"
Add component (AddParameter): Name = "Потребление, Вт"; Value = "0,004"; VariantName = "[No Variations]"
Added Component: Designator=VD?_reserve_ch(4116.4-3_offcut)
Add component (AddParameter): Name = "ComponentLink1Description"; Value = "DataSheet"; VariantName = "[No Variations]"
Add component (AddParameter): Name = "ComponentLink1URL"; Value = "https://eandc.ru/pdf/diod/2d222.pdf"; VariantName = "[No Variations]"
Add component (AddParameter): Name = "Назначение"; Value = "Сдвоенный диод"; VariantName = "[No Variations]"
Add component (AddParameter): Name = "Наименование"; Value = "2Д222ВС ОСМ"; VariantName = "[No Variations]"
Add component (AddParameter): Name = "Потребление, Вт"; Value = "0,004"; VariantName = "[No Variations]"
Added Pin To Net: NetName=GND Pin=C1-1
Added Pin To Net: NetName=GND Pin=C2-2
Added Pin To Net: NetName=GND Pin=C3-1
Added Pin To Net: NetName=GND Pin=C4-2
Added Pin To Net: NetName=GND Pin=C6-1
Added Pin To Net: NetName=GND Pin=C7-2
Added Pin To Net: NetName=GND Pin=C8-1
Added Pin To Net: NetName=GND Pin=C9-2
Added Pin To Net: NetName=NetFU1_1 Pin=FU?_main_ch-1
Added Pin To Net: NetName=+27V_A_reserve_ch Pin=FU?_main_ch-2
Added Pin To Net: NetName=NetFU2_1 Pin=FU?_reserve_ch-1
Added Pin To Net: NetName=+27V_A_main_ch Pin=FU?_reserve_ch-2
Added Pin To Net: NetName=GND Pin=R5-1
Added Pin To Net: NetName=GND Pin=R13-1
Added Pin To Net: NetName=GND Pin=U1-2
Added Pin To Net: NetName=GND Pin=U1-4
Added Pin To Net: NetName=GND Pin=U1-5
Added Pin To Net: NetName=GND Pin=U4-2
Added Pin To Net: NetName=GND Pin=U4-4
Added Pin To Net: NetName=GND Pin=U4-5
Added Pin To Net: NetName=NetC1_2 Pin=VD?_main_ch-8
Added Pin To Net: NetName=NetFU1_2 Pin=VD?_main_ch-11
Added Pin To Net: NetName=+27V_A_reserve_ch Pin=VD?_main_ch-17
Added Pin To Net: NetName=NetC6_2 Pin=VD?_reserve_ch-8
Added Pin To Net: NetName=NetFU2_2 Pin=VD?_reserve_ch-11
Added Pin To Net: NetName=+27V_A_main_ch Pin=VD?_reserve_ch-17
Added Pin To Net: NetName=GND Pin=VT1-1
Added Pin To Net: NetName=GND Pin=VT2-1
Change Net Name : Old Net Name=+27V_A_main_ch New Net Name=NetFU?_reserve_ch_2
Change Net Name : Old Net Name=+27V_A_reserve_ch New Net Name=NetFU?_main_ch_2
Added Member To Class: ClassName=main_ch Member=Component FU?_main_ch (FU?) VP1-2
Added Member To Class: ClassName=reserve_ch Member=Component FU?_reserve_ch (FU?) VP1-2
Added Member To Class: ClassName=main_ch Member=Component VD?_main_ch (VD?) 2D222VS "OSM"
Added Member To Class: ClassName=reserve_ch Member=Component VD?_reserve_ch (VD?) 2D222VS "OSM"
